#
# There is insufficient memory for the Java Runtime Environment to continue.
# Native memory allocation (mmap) failed to map 65536 bytes for Failed to commit metaspace.
# Possible reasons:
#   The system is out of physical RAM or swap space
#   The process is running with CompressedOops enabled, and the Java Heap may be blocking the growth of the native heap
# Possible solutions:
#   Reduce memory load on the system
#   Increase physical memory or swap space
#   Check if swap backing store is full
#   Decrease Java heap size (-Xmx/-Xms)
#   Decrease number of Java threads
#   Decrease Java thread stack sizes (-Xss)
#   Set larger code cache with -XX:ReservedCodeCacheSize=
#   JVM is running with Unscaled Compressed Oops mode in which the Java heap is
#     placed in the first 4GB address space. The Java Heap base address is the
#     maximum limit for the native heap growth. Please use -XX:HeapBaseMinAddress
#     to set the Java Heap base and to place the Java Heap above 4GB virtual address.
# This output file may be truncated or incomplete.
#
#  Out of Memory Error (virtualSpaceNode.cpp:110), pid=9984, tid=24664
#
# JRE version: Java(TM) SE Runtime Environment (17.0.8+9) (build 17.0.8+9-LTS-211)
# Java VM: Java HotSpot(TM) 64-Bit Server VM (17.0.8+9-LTS-211, mixed mode, tiered, compressed oops, compressed class ptrs, g1 gc, windows-amd64)
# No core dump will be written. Minidumps are not enabled by default on client versions of Windows
#

---------------  S U M M A R Y ------------

Command Line: -Dfile.encoding=UTF-8 --module-path=D:\MyProjectEcommerce\Travels and turism\build\classes travels.and.turism.Signup

Host: AMD Ryzen 5 5500U with Radeon Graphics         , 12 cores, 7G,  Windows 11 , 64 bit Build 22621 (10.0.22621.2215)
Time: Sun Sep 24 12:03:58 2023 India Standard Time elapsed time: 0.137007 seconds (0d 0h 0m 0s)

---------------  T H R E A D  ---------------

Current thread (0x000001c57c850470):  JavaThread "main" [_thread_in_vm, id=24664, stack(0x00000036b1000000,0x00000036b1100000)]

Stack: [0x00000036b1000000,0x00000036b1100000]
Native frames: (J=compiled Java code, j=interpreted, Vv=VM code, C=native code)
V  [jvm.dll+0x677d0a]
V  [jvm.dll+0x7d8c54]
V  [jvm.dll+0x7da3fe]
V  [jvm.dll+0x7daa63]
V  [jvm.dll+0x245c5f]
V  [jvm.dll+0x7d4d5b]
V  [jvm.dll+0x61dcf6]
V  [jvm.dll+0x61dd5a]
V  [jvm.dll+0x62057d]
V  [jvm.dll+0x61e6b6]
V  [jvm.dll+0x23a29f]
V  [jvm.dll+0x628445]
V  [jvm.dll+0x1e9bdd]
V  [jvm.dll+0x1ea1a5]
V  [jvm.dll+0x1eaaeb]
V  [jvm.dll+0x1e02f1]
V  [jvm.dll+0x53ddbc]
V  [jvm.dll+0x1f0c0a]
V  [jvm.dll+0x752b7d]
V  [jvm.dll+0x753f76]
V  [jvm.dll+0x7542a8]
V  [jvm.dll+0x23e01b]
V  [jvm.dll+0x23e26f]
V  [jvm.dll+0x55bf03]
V  [jvm.dll+0x55e3a4]
V  [jvm.dll+0x381421]
V  [jvm.dll+0x380ec2]
C  0x000001c50ed18a68

Java frames: (J=compiled Java code, j=interpreted, Vv=VM code)
j  java.lang.invoke.DirectMethodHandle.<clinit>()V+22 java.base@17.0.8
v  ~StubRoutines::call_stub
j  java.lang.invoke.MethodHandles$Lookup.getDirectMethodCommon(BLjava/lang/Class;Ljava/lang/invoke/MemberName;ZZLjava/lang/invoke/MethodHandles$Lookup;)Ljava/lang/invoke/MethodHandle;+210 java.base@17.0.8
j  java.lang.invoke.MethodHandles$Lookup.getDirectMethodNoSecurityManager(BLjava/lang/Class;Ljava/lang/invoke/MemberName;Ljava/lang/invoke/MethodHandles$Lookup;)Ljava/lang/invoke/MethodHandle;+14 java.base@17.0.8
j  java.lang.invoke.MethodHandles$Lookup.getDirectMethodForConstant(BLjava/lang/Class;Ljava/lang/invoke/MemberName;)Ljava/lang/invoke/MethodHandle;+31 java.base@17.0.8
j  java.lang.invoke.MethodHandles$Lookup.linkMethodHandleConstant(BLjava/lang/Class;Ljava/lang/String;Ljava/lang/Object;)Ljava/lang/invoke/MethodHandle;+153 java.base@17.0.8
j  java.lang.invoke.MethodHandleNatives.linkMethodHandleConstant(Ljava/lang/Class;ILjava/lang/Class;Ljava/lang/String;Ljava/lang/Object;)Ljava/lang/invoke/MethodHandle;+38 java.base@17.0.8
v  ~StubRoutines::call_stub
j  jdk.internal.module.DefaultRoots.compute(Ljava/lang/module/ModuleFinder;Ljava/lang/module/ModuleFinder;)Ljava/util/Set;+11 java.base@17.0.8
j  jdk.internal.module.ModuleBootstrap.boot2()Ljava/lang/ModuleLayer;+727 java.base@17.0.8
j  jdk.internal.module.ModuleBootstrap.boot()Ljava/lang/ModuleLayer;+64 java.base@17.0.8
j  java.lang.System.initPhase2(ZZ)I+0 java.base@17.0.8
v  ~StubRoutines::call_stub

---------------  P R O C E S S  ---------------

Threads class SMR info:
_java_thread_list=0x000001c51a980d90, length=10, elements={
0x000001c57c850470, 0x000001c51a961f50, 0x000001c51a962bc0, 0x000001c51a99bc70,
0x000001c51a99c530, 0x000001c51a99cdf0, 0x000001c51a99d6b0, 0x000001c51a9a2360,
0x000001c51a98b4b0, 0x000001c51a98ddc0
}

Java Threads: ( => current thread )
=>0x000001c57c850470 JavaThread "main" [_thread_in_vm, id=24664, stack(0x00000036b1000000,0x00000036b1100000)]
  0x000001c51a961f50 JavaThread "Reference Handler" daemon [_thread_blocked, id=21920, stack(0x00000036b1700000,0x00000036b1800000)]
  0x000001c51a962bc0 JavaThread "Finalizer" daemon [_thread_blocked, id=27796, stack(0x00000036b1800000,0x00000036b1900000)]
  0x000001c51a99bc70 JavaThread "Signal Dispatcher" daemon [_thread_blocked, id=8732, stack(0x00000036b1900000,0x00000036b1a00000)]
  0x000001c51a99c530 JavaThread "Attach Listener" daemon [_thread_blocked, id=27344, stack(0x00000036b1a00000,0x00000036b1b00000)]
  0x000001c51a99cdf0 JavaThread "Service Thread" daemon [_thread_blocked, id=12376, stack(0x00000036b1b00000,0x00000036b1c00000)]
  0x000001c51a99d6b0 JavaThread "Monitor Deflation Thread" daemon [_thread_blocked, id=17776, stack(0x00000036b1c00000,0x00000036b1d00000)]
  0x000001c51a9a2360 JavaThread "C2 CompilerThread0" daemon [_thread_blocked, id=6648, stack(0x00000036b1d00000,0x00000036b1e00000)]
  0x000001c51a98b4b0 JavaThread "C1 CompilerThread0" daemon [_thread_blocked, id=23016, stack(0x00000036b1e00000,0x00000036b1f00000)]
  0x000001c51a98ddc0 JavaThread "Sweeper thread" daemon [_thread_blocked, id=3140, stack(0x00000036b1f00000,0x00000036b2000000)]

Other Threads:
  0x000001c51a8f8ae0 VMThread "VM Thread" [stack: 0x00000036b1600000,0x00000036b1700000] [id=1876]
  0x000001c57c8a6cb0 GCTaskThread "GC Thread#0" [stack: 0x00000036b1100000,0x00000036b1200000] [id=12348]
  0x000001c57c8b66f0 ConcurrentGCThread "G1 Main Marker" [stack: 0x00000036b1200000,0x00000036b1300000] [id=15120]
  0x000001c57c8b8260 ConcurrentGCThread "G1 Conc#0" [stack: 0x00000036b1300000,0x00000036b1400000] [id=18296]
  0x000001c57c8fe170 ConcurrentGCThread "G1 Refine#0" [stack: 0x00000036b1400000,0x00000036b1500000] [id=7284]
  0x000001c57c8feb90 ConcurrentGCThread "G1 Service" [stack: 0x00000036b1500000,0x00000036b1600000] [id=17920]

Threads with active compile tasks:

VM state: not at safepoint (normal execution)

VM Mutex/Monitor currently owned by a thread:  ([mutex/lock_event])
[0x000001c57c849e00] Metaspace_lock - owner thread: 0x000001c57c850470

Heap address: 0x000000008a800000, size: 1880 MB, Compressed Oops mode: 32-bit

CDS archive(s) not mapped
Compressed class space mapped at: 0x0000000100000000-0x0000000140000000, reserved size: 1073741824
Narrow klass base: 0x0000000000000000, Narrow klass shift: 3, Narrow klass range: 0x140000000

GC Precious Log:
 CPUs: 12 total, 12 available
 Memory: 7514M
 Large Page Support: Disabled
 NUMA Support: Disabled
 Compressed Oops: Enabled (32-bit)
 Heap Region Size: 1M
 Heap Min Capacity: 8M
 Heap Initial Capacity: 118M
 Heap Max Capacity: 1880M
 Pre-touch: Disabled
 Parallel Workers: 10
 Concurrent Workers: 3
 Concurrent Refinement Workers: 10
 Periodic GC: Disabled

Heap:
 garbage-first heap   total 120832K, used 0K [0x000000008a800000, 0x0000000100000000)
  region size 1024K, 1 young (1024K), 0 survivors (0K)
 Metaspace       used 3890K, committed 3904K, reserved 1114112K
  class space    used 306K, committed 320K, reserved 1048576K

Heap Regions: E=young(eden), S=young(survivor), O=old, HS=humongous(starts), HC=humongous(continues), CS=collection set, F=free, OA=open archive, CA=closed archive, TAMS=top-at-mark-start (previous, next)
|   0|0x000000008a800000, 0x000000008a800000, 0x000000008a900000|  0%| F|  |TAMS 0x000000008a800000, 0x000000008a800000| Untracked 
|   1|0x000000008a900000, 0x000000008a900000, 0x000000008aa00000|  0%| F|  |TAMS 0x000000008a900000, 0x000000008a900000| Untracked 
|   2|0x000000008aa00000, 0x000000008aa00000, 0x000000008ab00000|  0%| F|  |TAMS 0x000000008aa00000, 0x000000008aa00000| Untracked 
|   3|0x000000008ab00000, 0x000000008ab00000, 0x000000008ac00000|  0%| F|  |TAMS 0x000000008ab00000, 0x000000008ab00000| Untracked 
|   4|0x000000008ac00000, 0x000000008ac00000, 0x000000008ad00000|  0%| F|  |TAMS 0x000000008ac00000, 0x000000008ac00000| Untracked 
|   5|0x000000008ad00000, 0x000000008ad00000, 0x000000008ae00000|  0%| F|  |TAMS 0x000000008ad00000, 0x000000008ad00000| Untracked 
|   6|0x000000008ae00000, 0x000000008ae00000, 0x000000008af00000|  0%| F|  |TAMS 0x000000008ae00000, 0x000000008ae00000| Untracked 
|   7|0x000000008af00000, 0x000000008af00000, 0x000000008b000000|  0%| F|  |TAMS 0x000000008af00000, 0x000000008af00000| Untracked 
|   8|0x000000008b000000, 0x000000008b000000, 0x000000008b100000|  0%| F|  |TAMS 0x000000008b000000, 0x000000008b000000| Untracked 
|   9|0x000000008b100000, 0x000000008b100000, 0x000000008b200000|  0%| F|  |TAMS 0x000000008b100000, 0x000000008b100000| Untracked 
|  10|0x000000008b200000, 0x000000008b200000, 0x000000008b300000|  0%| F|  |TAMS 0x000000008b200000, 0x000000008b200000| Untracked 
|  11|0x000000008b300000, 0x000000008b300000, 0x000000008b400000|  0%| F|  |TAMS 0x000000008b300000, 0x000000008b300000| Untracked 
|  12|0x000000008b400000, 0x000000008b400000, 0x000000008b500000|  0%| F|  |TAMS 0x000000008b400000, 0x000000008b400000| Untracked 
|  13|0x000000008b500000, 0x000000008b500000, 0x000000008b600000|  0%| F|  |TAMS 0x000000008b500000, 0x000000008b500000| Untracked 
|  14|0x000000008b600000, 0x000000008b600000, 0x000000008b700000|  0%| F|  |TAMS 0x000000008b600000, 0x000000008b600000| Untracked 
|  15|0x000000008b700000, 0x000000008b700000, 0x000000008b800000|  0%| F|  |TAMS 0x000000008b700000, 0x000000008b700000| Untracked 
|  16|0x000000008b800000, 0x000000008b800000, 0x000000008b900000|  0%| F|  |TAMS 0x000000008b800000, 0x000000008b800000| Untracked 
|  17|0x000000008b900000, 0x000000008b900000, 0x000000008ba00000|  0%| F|  |TAMS 0x000000008b900000, 0x000000008b900000| Untracked 
|  18|0x000000008ba00000, 0x000000008ba00000, 0x000000008bb00000|  0%| F|  |TAMS 0x000000008ba00000, 0x000000008ba00000| Untracked 
|  19|0x000000008bb00000, 0x000000008bb00000, 0x000000008bc00000|  0%| F|  |TAMS 0x000000008bb00000, 0x000000008bb00000| Untracked 
|  20|0x000000008bc00000, 0x000000008bc00000, 0x000000008bd00000|  0%| F|  |TAMS 0x000000008bc00000, 0x000000008bc00000| Untracked 
|  21|0x000000008bd00000, 0x000000008bd00000, 0x000000008be00000|  0%| F|  |TAMS 0x000000008bd00000, 0x000000008bd00000| Untracked 
|  22|0x000000008be00000, 0x000000008be00000, 0x000000008bf00000|  0%| F|  |TAMS 0x000000008be00000, 0x000000008be00000| Untracked 
|  23|0x000000008bf00000, 0x000000008bf00000, 0x000000008c000000|  0%| F|  |TAMS 0x000000008bf00000, 0x000000008bf00000| Untracked 
|  24|0x000000008c000000, 0x000000008c000000, 0x000000008c100000|  0%| F|  |TAMS 0x000000008c000000, 0x000000008c000000| Untracked 
|  25|0x000000008c100000, 0x000000008c100000, 0x000000008c200000|  0%| F|  |TAMS 0x000000008c100000, 0x000000008c100000| Untracked 
|  26|0x000000008c200000, 0x000000008c200000, 0x000000008c300000|  0%| F|  |TAMS 0x000000008c200000, 0x000000008c200000| Untracked 
|  27|0x000000008c300000, 0x000000008c300000, 0x000000008c400000|  0%| F|  |TAMS 0x000000008c300000, 0x000000008c300000| Untracked 
|  28|0x000000008c400000, 0x000000008c400000, 0x000000008c500000|  0%| F|  |TAMS 0x000000008c400000, 0x000000008c400000| Untracked 
|  29|0x000000008c500000, 0x000000008c500000, 0x000000008c600000|  0%| F|  |TAMS 0x000000008c500000, 0x000000008c500000| Untracked 
|  30|0x000000008c600000, 0x000000008c600000, 0x000000008c700000|  0%| F|  |TAMS 0x000000008c600000, 0x000000008c600000| Untracked 
|  31|0x000000008c700000, 0x000000008c700000, 0x000000008c800000|  0%| F|  |TAMS 0x000000008c700000, 0x000000008c700000| Untracked 
|  32|0x000000008c800000, 0x000000008c800000, 0x000000008c900000|  0%| F|  |TAMS 0x000000008c800000, 0x000000008c800000| Untracked 
|  33|0x000000008c900000, 0x000000008c900000, 0x000000008ca00000|  0%| F|  |TAMS 0x000000008c900000, 0x000000008c900000| Untracked 
|  34|0x000000008ca00000, 0x000000008ca00000, 0x000000008cb00000|  0%| F|  |TAMS 0x000000008ca00000, 0x000000008ca00000| Untracked 
|  35|0x000000008cb00000, 0x000000008cb00000, 0x000000008cc00000|  0%| F|  |TAMS 0x000000008cb00000, 0x000000008cb00000| Untracked 
|  36|0x000000008cc00000, 0x000000008cc00000, 0x000000008cd00000|  0%| F|  |TAMS 0x000000008cc00000, 0x000000008cc00000| Untracked 
|  37|0x000000008cd00000, 0x000000008cd00000, 0x000000008ce00000|  0%| F|  |TAMS 0x000000008cd00000, 0x000000008cd00000| Untracked 
|  38|0x000000008ce00000, 0x000000008ce00000, 0x000000008cf00000|  0%| F|  |TAMS 0x000000008ce00000, 0x000000008ce00000| Untracked 
|  39|0x000000008cf00000, 0x000000008cf00000, 0x000000008d000000|  0%| F|  |TAMS 0x000000008cf00000, 0x000000008cf00000| Untracked 
|  40|0x000000008d000000, 0x000000008d000000, 0x000000008d100000|  0%| F|  |TAMS 0x000000008d000000, 0x000000008d000000| Untracked 
|  41|0x000000008d100000, 0x000000008d100000, 0x000000008d200000|  0%| F|  |TAMS 0x000000008d100000, 0x000000008d100000| Untracked 
|  42|0x000000008d200000, 0x000000008d200000, 0x000000008d300000|  0%| F|  |TAMS 0x000000008d200000, 0x000000008d200000| Untracked 
|  43|0x000000008d300000, 0x000000008d300000, 0x000000008d400000|  0%| F|  |TAMS 0x000000008d300000, 0x000000008d300000| Untracked 
|  44|0x000000008d400000, 0x000000008d400000, 0x000000008d500000|  0%| F|  |TAMS 0x000000008d400000, 0x000000008d400000| Untracked 
|  45|0x000000008d500000, 0x000000008d500000, 0x000000008d600000|  0%| F|  |TAMS 0x000000008d500000, 0x000000008d500000| Untracked 
|  46|0x000000008d600000, 0x000000008d600000, 0x000000008d700000|  0%| F|  |TAMS 0x000000008d600000, 0x000000008d600000| Untracked 
|  47|0x000000008d700000, 0x000000008d700000, 0x000000008d800000|  0%| F|  |TAMS 0x000000008d700000, 0x000000008d700000| Untracked 
|  48|0x000000008d800000, 0x000000008d800000, 0x000000008d900000|  0%| F|  |TAMS 0x000000008d800000, 0x000000008d800000| Untracked 
|  49|0x000000008d900000, 0x000000008d900000, 0x000000008da00000|  0%| F|  |TAMS 0x000000008d900000, 0x000000008d900000| Untracked 
|  50|0x000000008da00000, 0x000000008da00000, 0x000000008db00000|  0%| F|  |TAMS 0x000000008da00000, 0x000000008da00000| Untracked 
|  51|0x000000008db00000, 0x000000008db00000, 0x000000008dc00000|  0%| F|  |TAMS 0x000000008db00000, 0x000000008db00000| Untracked 
|  52|0x000000008dc00000, 0x000000008dc00000, 0x000000008dd00000|  0%| F|  |TAMS 0x000000008dc00000, 0x000000008dc00000| Untracked 
|  53|0x000000008dd00000, 0x000000008dd00000, 0x000000008de00000|  0%| F|  |TAMS 0x000000008dd00000, 0x000000008dd00000| Untracked 
|  54|0x000000008de00000, 0x000000008de00000, 0x000000008df00000|  0%| F|  |TAMS 0x000000008de00000, 0x000000008de00000| Untracked 
|  55|0x000000008df00000, 0x000000008df00000, 0x000000008e000000|  0%| F|  |TAMS 0x000000008df00000, 0x000000008df00000| Untracked 
|  56|0x000000008e000000, 0x000000008e000000, 0x000000008e100000|  0%| F|  |TAMS 0x000000008e000000, 0x000000008e000000| Untracked 
|  57|0x000000008e100000, 0x000000008e100000, 0x000000008e200000|  0%| F|  |TAMS 0x000000008e100000, 0x000000008e100000| Untracked 
|  58|0x000000008e200000, 0x000000008e200000, 0x000000008e300000|  0%| F|  |TAMS 0x000000008e200000, 0x000000008e200000| Untracked 
|  59|0x000000008e300000, 0x000000008e300000, 0x000000008e400000|  0%| F|  |TAMS 0x000000008e300000, 0x000000008e300000| Untracked 
|  60|0x000000008e400000, 0x000000008e400000, 0x000000008e500000|  0%| F|  |TAMS 0x000000008e400000, 0x000000008e400000| Untracked 
|  61|0x000000008e500000, 0x000000008e500000, 0x000000008e600000|  0%| F|  |TAMS 0x000000008e500000, 0x000000008e500000| Untracked 
|  62|0x000000008e600000, 0x000000008e600000, 0x000000008e700000|  0%| F|  |TAMS 0x000000008e600000, 0x000000008e600000| Untracked 
|  63|0x000000008e700000, 0x000000008e700000, 0x000000008e800000|  0%| F|  |TAMS 0x000000008e700000, 0x000000008e700000| Untracked 
|  64|0x000000008e800000, 0x000000008e800000, 0x000000008e900000|  0%| F|  |TAMS 0x000000008e800000, 0x000000008e800000| Untracked 
|  65|0x000000008e900000, 0x000000008e900000, 0x000000008ea00000|  0%| F|  |TAMS 0x000000008e900000, 0x000000008e900000| Untracked 
|  66|0x000000008ea00000, 0x000000008ea00000, 0x000000008eb00000|  0%| F|  |TAMS 0x000000008ea00000, 0x000000008ea00000| Untracked 
|  67|0x000000008eb00000, 0x000000008eb00000, 0x000000008ec00000|  0%| F|  |TAMS 0x000000008eb00000, 0x000000008eb00000| Untracked 
|  68|0x000000008ec00000, 0x000000008ec00000, 0x000000008ed00000|  0%| F|  |TAMS 0x000000008ec00000, 0x000000008ec00000| Untracked 
|  69|0x000000008ed00000, 0x000000008ed00000, 0x000000008ee00000|  0%| F|  |TAMS 0x000000008ed00000, 0x000000008ed00000| Untracked 
|  70|0x000000008ee00000, 0x000000008ee00000, 0x000000008ef00000|  0%| F|  |TAMS 0x000000008ee00000, 0x000000008ee00000| Untracked 
|  71|0x000000008ef00000, 0x000000008ef00000, 0x000000008f000000|  0%| F|  |TAMS 0x000000008ef00000, 0x000000008ef00000| Untracked 
|  72|0x000000008f000000, 0x000000008f000000, 0x000000008f100000|  0%| F|  |TAMS 0x000000008f000000, 0x000000008f000000| Untracked 
|  73|0x000000008f100000, 0x000000008f100000, 0x000000008f200000|  0%| F|  |TAMS 0x000000008f100000, 0x000000008f100000| Untracked 
|  74|0x000000008f200000, 0x000000008f200000, 0x000000008f300000|  0%| F|  |TAMS 0x000000008f200000, 0x000000008f200000| Untracked 
|  75|0x000000008f300000, 0x000000008f300000, 0x000000008f400000|  0%| F|  |TAMS 0x000000008f300000, 0x000000008f300000| Untracked 
|  76|0x000000008f400000, 0x000000008f400000, 0x000000008f500000|  0%| F|  |TAMS 0x000000008f400000, 0x000000008f400000| Untracked 
|  77|0x000000008f500000, 0x000000008f500000, 0x000000008f600000|  0%| F|  |TAMS 0x000000008f500000, 0x000000008f500000| Untracked 
|  78|0x000000008f600000, 0x000000008f600000, 0x000000008f700000|  0%| F|  |TAMS 0x000000008f600000, 0x000000008f600000| Untracked 
|  79|0x000000008f700000, 0x000000008f700000, 0x000000008f800000|  0%| F|  |TAMS 0x000000008f700000, 0x000000008f700000| Untracked 
|  80|0x000000008f800000, 0x000000008f800000, 0x000000008f900000|  0%| F|  |TAMS 0x000000008f800000, 0x000000008f800000| Untracked 
|  81|0x000000008f900000, 0x000000008f900000, 0x000000008fa00000|  0%| F|  |TAMS 0x000000008f900000, 0x000000008f900000| Untracked 
|  82|0x000000008fa00000, 0x000000008fa00000, 0x000000008fb00000|  0%| F|  |TAMS 0x000000008fa00000, 0x000000008fa00000| Untracked 
|  83|0x000000008fb00000, 0x000000008fb00000, 0x000000008fc00000|  0%| F|  |TAMS 0x000000008fb00000, 0x000000008fb00000| Untracked 
|  84|0x000000008fc00000, 0x000000008fc00000, 0x000000008fd00000|  0%| F|  |TAMS 0x000000008fc00000, 0x000000008fc00000| Untracked 
|  85|0x000000008fd00000, 0x000000008fd00000, 0x000000008fe00000|  0%| F|  |TAMS 0x000000008fd00000, 0x000000008fd00000| Untracked 
|  86|0x000000008fe00000, 0x000000008fe00000, 0x000000008ff00000|  0%| F|  |TAMS 0x000000008fe00000, 0x000000008fe00000| Untracked 
|  87|0x000000008ff00000, 0x000000008ff00000, 0x0000000090000000|  0%| F|  |TAMS 0x000000008ff00000, 0x000000008ff00000| Untracked 
|  88|0x0000000090000000, 0x0000000090000000, 0x0000000090100000|  0%| F|  |TAMS 0x0000000090000000, 0x0000000090000000| Untracked 
|  89|0x0000000090100000, 0x0000000090100000, 0x0000000090200000|  0%| F|  |TAMS 0x0000000090100000, 0x0000000090100000| Untracked 
|  90|0x0000000090200000, 0x0000000090200000, 0x0000000090300000|  0%| F|  |TAMS 0x0000000090200000, 0x0000000090200000| Untracked 
|  91|0x0000000090300000, 0x0000000090300000, 0x0000000090400000|  0%| F|  |TAMS 0x0000000090300000, 0x0000000090300000| Untracked 
|  92|0x0000000090400000, 0x0000000090400000, 0x0000000090500000|  0%| F|  |TAMS 0x0000000090400000, 0x0000000090400000| Untracked 
|  93|0x0000000090500000, 0x0000000090500000, 0x0000000090600000|  0%| F|  |TAMS 0x0000000090500000, 0x0000000090500000| Untracked 
|  94|0x0000000090600000, 0x0000000090600000, 0x0000000090700000|  0%| F|  |TAMS 0x0000000090600000, 0x0000000090600000| Untracked 
|  95|0x0000000090700000, 0x0000000090700000, 0x0000000090800000|  0%| F|  |TAMS 0x0000000090700000, 0x0000000090700000| Untracked 
|  96|0x0000000090800000, 0x0000000090800000, 0x0000000090900000|  0%| F|  |TAMS 0x0000000090800000, 0x0000000090800000| Untracked 
|  97|0x0000000090900000, 0x0000000090900000, 0x0000000090a00000|  0%| F|  |TAMS 0x0000000090900000, 0x0000000090900000| Untracked 
|  98|0x0000000090a00000, 0x0000000090a00000, 0x0000000090b00000|  0%| F|  |TAMS 0x0000000090a00000, 0x0000000090a00000| Untracked 
|  99|0x0000000090b00000, 0x0000000090b00000, 0x0000000090c00000|  0%| F|  |TAMS 0x0000000090b00000, 0x0000000090b00000| Untracked 
| 100|0x0000000090c00000, 0x0000000090c00000, 0x0000000090d00000|  0%| F|  |TAMS 0x0000000090c00000, 0x0000000090c00000| Untracked 
| 101|0x0000000090d00000, 0x0000000090d00000, 0x0000000090e00000|  0%| F|  |TAMS 0x0000000090d00000, 0x0000000090d00000| Untracked 
| 102|0x0000000090e00000, 0x0000000090e00000, 0x0000000090f00000|  0%| F|  |TAMS 0x0000000090e00000, 0x0000000090e00000| Untracked 
| 103|0x0000000090f00000, 0x0000000090f00000, 0x0000000091000000|  0%| F|  |TAMS 0x0000000090f00000, 0x0000000090f00000| Untracked 
| 104|0x0000000091000000, 0x0000000091000000, 0x0000000091100000|  0%| F|  |TAMS 0x0000000091000000, 0x0000000091000000| Untracked 
| 105|0x0000000091100000, 0x0000000091100000, 0x0000000091200000|  0%| F|  |TAMS 0x0000000091100000, 0x0000000091100000| Untracked 
| 106|0x0000000091200000, 0x0000000091200000, 0x0000000091300000|  0%| F|  |TAMS 0x0000000091200000, 0x0000000091200000| Untracked 
| 107|0x0000000091300000, 0x0000000091300000, 0x0000000091400000|  0%| F|  |TAMS 0x0000000091300000, 0x0000000091300000| Untracked 
| 108|0x0000000091400000, 0x0000000091400000, 0x0000000091500000|  0%| F|  |TAMS 0x0000000091400000, 0x0000000091400000| Untracked 
| 109|0x0000000091500000, 0x0000000091500000, 0x0000000091600000|  0%| F|  |TAMS 0x0000000091500000, 0x0000000091500000| Untracked 
| 110|0x0000000091600000, 0x0000000091600000, 0x0000000091700000|  0%| F|  |TAMS 0x0000000091600000, 0x0000000091600000| Untracked 
| 111|0x0000000091700000, 0x0000000091700000, 0x0000000091800000|  0%| F|  |TAMS 0x0000000091700000, 0x0000000091700000| Untracked 
| 112|0x0000000091800000, 0x0000000091800000, 0x0000000091900000|  0%| F|  |TAMS 0x0000000091800000, 0x0000000091800000| Untracked 
| 113|0x0000000091900000, 0x0000000091900000, 0x0000000091a00000|  0%| F|  |TAMS 0x0000000091900000, 0x0000000091900000| Untracked 
| 114|0x0000000091a00000, 0x0000000091a00000, 0x0000000091b00000|  0%| F|  |TAMS 0x0000000091a00000, 0x0000000091a00000| Untracked 
| 115|0x0000000091b00000, 0x0000000091b00000, 0x0000000091c00000|  0%| F|  |TAMS 0x0000000091b00000, 0x0000000091b00000| Untracked 
| 116|0x0000000091c00000, 0x0000000091c00000, 0x0000000091d00000|  0%| F|  |TAMS 0x0000000091c00000, 0x0000000091c00000| Untracked 
| 117|0x0000000091d00000, 0x0000000091deb988, 0x0000000091e00000| 92%| E|  |TAMS 0x0000000091d00000, 0x0000000091d00000| Complete 

Card table byte_map: [0x000001c57d210000,0x000001c57d5c0000] _byte_map_base: 0x000001c57cdbc000

Marking Bits (Prev, Next): (CMBitMap*) 0x000001c57c8a72c0, (CMBitMap*) 0x000001c57c8a7300
 Prev Bits: [0x000001c57d970000, 0x000001c57f6d0000)
 Next Bits: [0x000001c5167d0000, 0x000001c518530000)

Polling page: 0x000001c57c000000

Metaspace:

Usage:
  Non-class:      3.50 MB used.
      Class:    306.89 KB used.
       Both:      3.80 MB used.

Virtual space:
  Non-class space:       64.00 MB reserved,       3.50 MB (  5%) committed,  1 nodes.
      Class space:        1.00 GB reserved,     320.00 KB ( <1%) committed,  1 nodes.
             Both:        1.06 GB reserved,       3.81 MB ( <1%) committed. 

Chunk freelists:
   Non-Class:  12.00 MB
       Class:  15.62 MB
        Both:  27.62 MB

MaxMetaspaceSize: unlimited
CompressedClassSpaceSize: 1.00 GB
Initial GC threshold: 21.00 MB
Current GC threshold: 21.00 MB
CDS: off
MetaspaceReclaimPolicy: balanced
 - commit_granule_bytes: 65536.
 - commit_granule_words: 8192.
 - virtual_space_node_default_size: 8388608.
 - enlarge_chunks_in_place: 1.
 - new_chunks_are_fully_committed: 0.
 - uncommit_free_chunks: 1.
 - use_allocation_guard: 0.
 - handle_deallocations: 1.


Internal statistics:

num_allocs_failed_limit: 0.
num_arena_births: 2.
num_arena_deaths: 0.
num_vsnodes_births: 2.
num_vsnodes_deaths: 0.
num_space_committed: 61.
num_space_uncommitted: 0.
num_chunks_returned_to_freelist: 0.
num_chunks_taken_from_freelist: 4.
num_chunk_merges: 0.
num_chunk_splits: 2.
num_chunks_enlarged: 0.
num_purges: 0.
num_inconsistent_stats: 0.

CodeHeap 'non-profiled nmethods': size=120000Kb used=3Kb max_used=3Kb free=119996Kb
 bounds [0x000001c50f2a0000, 0x000001c50f510000, 0x000001c5167d0000]
CodeHeap 'profiled nmethods': size=120000Kb used=35Kb max_used=35Kb free=119965Kb
 bounds [0x000001c5077d0000, 0x000001c507a40000, 0x000001c50ed00000]
CodeHeap 'non-nmethods': size=5760Kb used=1040Kb max_used=1051Kb free=4720Kb
 bounds [0x000001c50ed00000, 0x000001c50ef70000, 0x000001c50f2a0000]
 total_blobs=325 nmethods=30 adapters=208
 compilation: enabled
              stopped_count=0, restarted_count=0
 full_count=0

Compilation events (20 events):
Event: 0.118 Thread 0x000001c51a9a2360 nmethod 15 0x000001c50f2a0010 code [0x000001c50f2a0180, 0x000001c50f2a02f8]
Event: 0.118 Thread 0x000001c51a98b4b0 nmethod 21 0x000001c5077d6790 code [0x000001c5077d6920, 0x000001c5077d6ab8]
Event: 0.118 Thread 0x000001c51a98b4b0   22       1       java.lang.module.ModuleDescriptor::name (5 bytes)
Event: 0.118 Thread 0x000001c51a98b4b0 nmethod 22 0x000001c50f2a0410 code [0x000001c50f2a05a0, 0x000001c50f2a0678]
Event: 0.118 Thread 0x000001c51a98b4b0   23       1       java.lang.module.ModuleReference::descriptor (5 bytes)
Event: 0.118 Thread 0x000001c51a98b4b0 nmethod 23 0x000001c50f2a0710 code [0x000001c50f2a08a0, 0x000001c50f2a0978]
Event: 0.118 Thread 0x000001c51a98b4b0   24       3       java.net.URI::hash (33 bytes)
Event: 0.119 Thread 0x000001c51a98b4b0 nmethod 24 0x000001c5077d6b90 code [0x000001c5077d6d80, 0x000001c5077d7218]
Event: 0.121 Thread 0x000001c51a98b4b0   25       3       java.lang.String::isEmpty (14 bytes)
Event: 0.121 Thread 0x000001c51a98b4b0 nmethod 25 0x000001c5077d7410 code [0x000001c5077d75a0, 0x000001c5077d7718]
Event: 0.126 Thread 0x000001c51a9a2360   26       4       java.lang.Object::<init> (1 bytes)
Event: 0.126 Thread 0x000001c51a98b4b0   27       3       java.util.concurrent.ConcurrentHashMap::tabAt (22 bytes)
Event: 0.127 Thread 0x000001c51a98b4b0 nmethod 27 0x000001c5077d7810 code [0x000001c5077d79c0, 0x000001c5077d7c98]
Event: 0.127 Thread 0x000001c51a9a2360 nmethod 26 0x000001c50f2a0a10 code [0x000001c50f2a0b80, 0x000001c50f2a0bf8]
Event: 0.127 Thread 0x000001c51a98b4b0   29       3       java.util.ImmutableCollections$SetN$SetNIterator::next (90 bytes)
Event: 0.127 Thread 0x000001c51a98b4b0 nmethod 29 0x000001c5077d7d90 code [0x000001c5077d7f40, 0x000001c5077d8268]
Event: 0.127 Thread 0x000001c51a98b4b0   28       3       jdk.internal.misc.Unsafe::getReferenceAcquire (7 bytes)
Event: 0.127 Thread 0x000001c51a98b4b0 nmethod 28 0x000001c5077d8410 code [0x000001c5077d85a0, 0x000001c5077d86f8]
Event: 0.132 Thread 0x000001c51a98b4b0   30       3       java.util.HashMap::hash (20 bytes)
Event: 0.132 Thread 0x000001c51a98b4b0 nmethod 30 0x000001c5077d8790 code [0x000001c5077d8940, 0x000001c5077d8b48]

GC Heap History (0 events):
No events

Deoptimization events (0 events):
No events

Classes unloaded (0 events):
No events

Classes redefined (0 events):
No events

Internal exceptions (0 events):
No events

VM Operations (0 events):
No events

Events (20 events):
Event: 0.131 loading class java/lang/PublicMethods$Key done
Event: 0.131 loading class java/lang/Class$3
Event: 0.131 loading class java/lang/Class$3 done
Event: 0.132 loading class sun/reflect/annotation/AnnotationParser
Event: 0.132 loading class sun/reflect/annotation/AnnotationParser done
Event: 0.132 loading class jdk/internal/reflect/NativeMethodAccessorImpl
Event: 0.132 loading class jdk/internal/reflect/NativeMethodAccessorImpl done
Event: 0.132 loading class jdk/internal/reflect/DelegatingMethodAccessorImpl
Event: 0.132 loading class jdk/internal/reflect/DelegatingMethodAccessorImpl done
Event: 0.133 loading class java/lang/invoke/LambdaMetafactory
Event: 0.133 loading class java/lang/invoke/LambdaMetafactory done
Event: 0.133 loading class java/lang/invoke/MethodType$ConcurrentWeakInternSet
Event: 0.133 loading class java/lang/invoke/MethodType$ConcurrentWeakInternSet done
Event: 0.133 loading class java/lang/Void
Event: 0.133 loading class java/lang/Void done
Event: 0.133 loading class java/lang/invoke/MethodTypeForm
Event: 0.133 loading class java/lang/invoke/MethodTypeForm done
Event: 0.134 loading class java/lang/invoke/MethodType$ConcurrentWeakInternSet$WeakEntry
Event: 0.134 loading class java/lang/invoke/MethodType$ConcurrentWeakInternSet$WeakEntry done
Event: 0.134 loading class sun/invoke/util/Wrapper


Dynamic libraries:
0x00007ff6ed440000 - 0x00007ff6ed450000 	C:\Program Files\Java\jdk-17\bin\java.exe
0x00007ff9ff210000 - 0x00007ff9ff424000 	C:\WINDOWS\SYSTEM32\ntdll.dll
0x00007ff9fe010000 - 0x00007ff9fe0d4000 	C:\WINDOWS\System32\KERNEL32.DLL
0x00007ff9fc8f0000 - 0x00007ff9fcc94000 	C:\WINDOWS\System32\KERNELBASE.dll
0x0000000063e60000 - 0x0000000064191000 	C:\Program Files\Norton Security\NortonData\22.22.9.11\Definitions\IPSDefs\20230331.061\IPSEng64.dll
0x00007ff9fe260000 - 0x00007ff9fe310000 	C:\WINDOWS\System32\ADVAPI32.dll
0x00007ff9fe970000 - 0x00007ff9fea17000 	C:\WINDOWS\System32\msvcrt.dll
0x00007ff9fd080000 - 0x00007ff9fd126000 	C:\WINDOWS\System32\sechost.dll
0x00007ff9fde40000 - 0x00007ff9fdf57000 	C:\WINDOWS\System32\RPCRT4.dll
0x00007ff9fe310000 - 0x00007ff9fe318000 	C:\WINDOWS\System32\PSAPI.DLL
0x00007ff9fc5f0000 - 0x00007ff9fc701000 	C:\WINDOWS\System32\ucrtbase.dll
0x00007ff9ec810000 - 0x00007ff9ec829000 	C:\Program Files\Java\jdk-17\bin\jli.dll
0x00007ff9e9da0000 - 0x00007ff9e9dbb000 	C:\Program Files\Java\jdk-17\bin\VCRUNTIME140.dll
0x00007ff9fecd0000 - 0x00007ff9fee7e000 	C:\WINDOWS\System32\USER32.dll
0x00007ff9fc5c0000 - 0x00007ff9fc5e6000 	C:\WINDOWS\System32\win32u.dll
0x00007ff9eb0e0000 - 0x00007ff9eb373000 	C:\WINDOWS\WinSxS\amd64_microsoft.windows.common-controls_6595b64144ccf1df_6.0.22621.2215_none_270d72677387dfc3\COMCTL32.dll
0x00007ff9fe360000 - 0x00007ff9fe389000 	C:\WINDOWS\System32\GDI32.dll
0x00007ff9fcca0000 - 0x00007ff9fcdb8000 	C:\WINDOWS\System32\gdi32full.dll
0x00007ff9fc850000 - 0x00007ff9fc8ea000 	C:\WINDOWS\System32\msvcp_win.dll
0x00007ff9f5dc0000 - 0x00007ff9f5dca000 	C:\WINDOWS\SYSTEM32\VERSION.dll
0x00007ff9fe320000 - 0x00007ff9fe351000 	C:\WINDOWS\System32\IMM32.DLL
0x00007ff9f6390000 - 0x00007ff9f639c000 	C:\Program Files\Java\jdk-17\bin\vcruntime140_1.dll
0x00007ff9b7b60000 - 0x00007ff9b7bee000 	C:\Program Files\Java\jdk-17\bin\msvcp140.dll
0x00007ff996a40000 - 0x00007ff99761e000 	C:\Program Files\Java\jdk-17\bin\server\jvm.dll
0x00007ff9daf20000 - 0x00007ff9daf29000 	C:\WINDOWS\SYSTEM32\WSOCK32.dll
0x00007ff9f25b0000 - 0x00007ff9f25e4000 	C:\WINDOWS\SYSTEM32\WINMM.dll
0x00007ff9fe1c0000 - 0x00007ff9fe231000 	C:\WINDOWS\System32\WS2_32.dll
0x00007ff9fb580000 - 0x00007ff9fb598000 	C:\WINDOWS\SYSTEM32\kernel.appcore.dll
0x00007ff9f50b0000 - 0x00007ff9f50ba000 	C:\Program Files\Java\jdk-17\bin\jimage.dll
0x00007ff9f3240000 - 0x00007ff9f346e000 	C:\WINDOWS\SYSTEM32\DBGHELP.DLL
0x00007ff9fe390000 - 0x00007ff9fe71a000 	C:\WINDOWS\System32\combase.dll
0x00007ff9fcfa0000 - 0x00007ff9fd077000 	C:\WINDOWS\System32\OLEAUT32.dll
0x00007ff9e4cf0000 - 0x00007ff9e4d22000 	C:\WINDOWS\SYSTEM32\dbgcore.DLL
0x00007ff9fc710000 - 0x00007ff9fc78a000 	C:\WINDOWS\System32\bcryptPrimitives.dll
0x00007ff9e0980000 - 0x00007ff9e09a5000 	C:\Program Files\Java\jdk-17\bin\java.dll
0x00007ff9ad880000 - 0x00007ff9ad957000 	C:\Program Files\Java\jdk-17\bin\jsvml.dll
0x00007ff9fd140000 - 0x00007ff9fd963000 	C:\WINDOWS\System32\SHELL32.dll
0x00007ff9fa500000 - 0x00007ff9fadea000 	C:\WINDOWS\SYSTEM32\windows.storage.dll
0x00007ff9fa3c0000 - 0x00007ff9fa4fe000 	C:\WINDOWS\SYSTEM32\wintypes.dll
0x00007ff9ff0d0000 - 0x00007ff9ff1c3000 	C:\WINDOWS\System32\SHCORE.dll
0x00007ff9fe160000 - 0x00007ff9fe1be000 	C:\WINDOWS\System32\shlwapi.dll
0x00007ff9fc4f0000 - 0x00007ff9fc516000 	C:\WINDOWS\SYSTEM32\profapi.dll

dbghelp: loaded successfully - version: 4.0.5 - missing functions: none
symbol engine: initialized successfully - sym options: 0x614 - pdb path: .;C:\Program Files\Java\jdk-17\bin;C:\WINDOWS\SYSTEM32;C:\Program Files\Norton Security\NortonData\22.22.9.11\Definitions\IPSDefs\20230331.061;C:\WINDOWS\WinSxS\amd64_microsoft.windows.common-controls_6595b64144ccf1df_6.0.22621.2215_none_270d72677387dfc3;C:\Program Files\Java\jdk-17\bin\server

VM Arguments:
jvm_args: -Dfile.encoding=UTF-8 --module-path=D:\MyProjectEcommerce\Travels and turism\build\classes 
java_command: travels.and.turism.Signup
java_class_path (initial): D:\MyProjectEcommerce\Travels and turism\build\classes
Launcher Type: SUN_STANDARD

[Global flags]
     intx CICompilerCount                          = 4                                         {product} {ergonomic}
     uint ConcGCThreads                            = 3                                         {product} {ergonomic}
     uint G1ConcRefinementThreads                  = 10                                        {product} {ergonomic}
   size_t G1HeapRegionSize                         = 1048576                                   {product} {ergonomic}
    uintx GCDrainStackTargetSize                   = 64                                        {product} {ergonomic}
   size_t InitialHeapSize                          = 123731968                                 {product} {ergonomic}
   size_t MarkStackSize                            = 4194304                                   {product} {ergonomic}
   size_t MaxHeapSize                              = 1971322880                                {product} {ergonomic}
   size_t MaxNewSize                               = 1182793728                                {product} {ergonomic}
   size_t MinHeapDeltaBytes                        = 1048576                                   {product} {ergonomic}
   size_t MinHeapSize                              = 8388608                                   {product} {ergonomic}
    uintx NonNMethodCodeHeapSize                   = 5839372                                {pd product} {ergonomic}
    uintx NonProfiledCodeHeapSize                  = 122909434                              {pd product} {ergonomic}
    uintx ProfiledCodeHeapSize                     = 122909434                              {pd product} {ergonomic}
    uintx ReservedCodeCacheSize                    = 251658240                              {pd product} {ergonomic}
     bool SegmentedCodeCache                       = true                                      {product} {ergonomic}
   size_t SoftMaxHeapSize                          = 1971322880                             {manageable} {ergonomic}
     bool UseCompressedClassPointers               = true                           {product lp64_product} {ergonomic}
     bool UseCompressedOops                        = true                           {product lp64_product} {ergonomic}
     bool UseG1GC                                  = true                                      {product} {ergonomic}
     bool UseLargePagesIndividualAllocation        = false                                  {pd product} {ergonomic}

Logging:
Log output configuration:
 #0: stdout all=warning uptime,level,tags
 #1: stderr all=off uptime,level,tags

Environment Variables:
CLASSPATH=C:\mysql-connector-j-8.0.33.jar;.;C:\Program Files\Java\jdk-20\bin;C:\Users\sande\Downloads\java-1.8.0-openjdk-1.8.0.382-1.b05.redhat.windows.x86_64\java-1.8.0-openjdk-1.8.0.382-1.b05.redhat.windows.x86_64\bin;
PATH=C:\db_home\WINDOWS.X64_193000_db_home\bin;C:\Oracle_21c\WINDOWS.X64_213000_db_home\bin;D:\apps\WINDOWS.X64_213000_db_home\bin;C:\WINDOWS.X64_213000_db_home\bin;C:\app\sandeep\product\21c\dbhomeXE\bin;C:\ProgramData\Oracle\Java\javapath;C:\Program Files\Common Files\Oracle\Java\javapath;C:\Windows\system32;C:\Windows;C:\Windows\System32\Wbem;C:\Windows\System32\WindowsPowerShell\v1.0\;C:\Windows\System32\OpenSSH\;C:\Program Files (x86)\NVIDIA Corporation\PhysX\Common;C:\Program Files\NVIDIA Corporation\NVIDIA NvDLISR;C:\WINDOWS\system32;C:\WINDOWS;C:\WINDOWS\System32\Wbem;C:\WINDOWS\System32\WindowsPowerShell\v1.0\;C:\WINDOWS\System32\OpenSSH\;D:\installApps\bin;C:\Program Files\Git\cmd;C:\Program Files\MySQL\MySQL Server 5.5\bin;C:\Program Files\nodejs\;C:\Program Files\Java\jdk-21\bin;C:\Program Files\Java\jdk-17\bin;C:\Program Files\MySQL\MySQL Shell 8.0\bin\;C:\Users\sande\AppData\Local\Programs\Python\Python311\Scripts\;C:\Users\sande\AppData\Local\Programs\Python\Python311\;C:\Users\sande\AppData\Local\Microsoft\WindowsApps;;D:\installApps\Microsoft VS Code\bin;C:\Program Files\sf\bin;C:\Users\sande\AppData\Roaming\npm
USERNAME=sandeep
OS=Windows_NT
PROCESSOR_IDENTIFIER=AMD64 Family 23 Model 104 Stepping 1, AuthenticAMD



---------------  S Y S T E M  ---------------

OS:
 Windows 11 , 64 bit Build 22621 (10.0.22621.2215)
OS uptime: 5 days 15:30 hours
Hyper-V role detected

CPU: total 12 (initial active 12) (12 cores per cpu, 2 threads per core) family 23 model 104 stepping 1 microcode 0x0, cx8, cmov, fxsr, ht, mmx, 3dnowpref, sse, sse2, sse3, ssse3, sse4a, sse4.1, sse4.2, popcnt, lzcnt, tsc, tscinvbit, avx, avx2, aes, clmul, bmi1, bmi2, adx, sha, fma, vzeroupper, clflush, clflushopt, hv

Memory: 4k page, system-wide physical 7514M (553M free)
TotalPageFile size 24670M (AvailPageFile size 4M)
current process WorkingSet (physical memory assigned to process): 27M, peak: 27M
current process commit charge ("private bytes"): 195M, peak: 199M

vm_info: Java HotSpot(TM) 64-Bit Server VM (17.0.8+9-LTS-211) for windows-amd64 JRE (17.0.8+9-LTS-211), built on Jun 14 2023 10:34:31 by "mach5one" with MS VC++ 17.1 (VS2022)

END.
