#
# There is insufficient memory for the Java Runtime Environment to continue.
# Native memory allocation (mmap) failed to map 123731968 bytes for G1 virtual space
# Possible reasons:
#   The system is out of physical RAM or swap space
#   The process is running with CompressedOops enabled, and the Java Heap may be blocking the growth of the native heap
# Possible solutions:
#   Reduce memory load on the system
#   Increase physical memory or swap space
#   Check if swap backing store is full
#   Decrease Java heap size (-Xmx/-Xms)
#   Decrease number of Java threads
#   Decrease Java thread stack sizes (-Xss)
#   Set larger code cache with -XX:ReservedCodeCacheSize=
#   JVM is running with Unscaled Compressed Oops mode in which the Java heap is
#     placed in the first 4GB address space. The Java Heap base address is the
#     maximum limit for the native heap growth. Please use -XX:HeapBaseMinAddress
#     to set the Java Heap base and to place the Java Heap above 4GB virtual address.
# This output file may be truncated or incomplete.
#
#  Out of Memory Error (os_windows.cpp:3550), pid=18028, tid=4260
#
# JRE version:  (17.0.8+9) (build )
# Java VM: Java HotSpot(TM) 64-Bit Server VM (17.0.8+9-LTS-211, mixed mode, sharing, tiered, compressed oops, compressed class ptrs, g1 gc, windows-amd64)
# No core dump will be written. Minidumps are not enabled by default on client versions of Windows
#

---------------  S U M M A R Y ------------

Command Line: -Dfile.encoding=UTF-8 --module-path=D:\MyProjectEcommerce\Travels and turism\build\classes travels.and.turism.Login

Host: AMD Ryzen 5 5500U with Radeon Graphics         , 12 cores, 7G,  Windows 11 , 64 bit Build 22621 (10.0.22621.2215)
Time: Mon Sep 25 13:58:25 2023 India Standard Time elapsed time: 0.025336 seconds (0d 0h 0m 0s)

---------------  T H R E A D  ---------------

Current thread (0x00000198529b0b90):  JavaThread "Unknown thread" [_thread_in_vm, id=4260, stack(0x0000006a8b600000,0x0000006a8b700000)]

Stack: [0x0000006a8b600000,0x0000006a8b700000]
Native frames: (J=compiled Java code, j=interpreted, Vv=VM code, C=native code)
V  [jvm.dll+0x677d0a]
V  [jvm.dll+0x7d8c54]
V  [jvm.dll+0x7da3fe]
V  [jvm.dll+0x7daa63]
V  [jvm.dll+0x245c5f]
V  [jvm.dll+0x674bb9]
V  [jvm.dll+0x6694f2]
V  [jvm.dll+0x3031d6]
V  [jvm.dll+0x30a756]
V  [jvm.dll+0x359f9e]
V  [jvm.dll+0x35a1cf]
V  [jvm.dll+0x2da3e8]
V  [jvm.dll+0x2db354]
V  [jvm.dll+0x7aa711]
V  [jvm.dll+0x367b51]
V  [jvm.dll+0x789979]
V  [jvm.dll+0x3eb05f]
V  [jvm.dll+0x3ecae1]
C  [jli.dll+0x5297]
C  [ucrtbase.dll+0x29363]
C  [KERNEL32.DLL+0x1257d]
C  [ntdll.dll+0x5aa68]


---------------  P R O C E S S  ---------------

Threads class SMR info:
_java_thread_list=0x00007ff996bc59d8, length=0, elements={
}

Java Threads: ( => current thread )

Other Threads:
  0x0000019852a06bc0 GCTaskThread "GC Thread#0" [stack: 0x0000006a8b700000,0x0000006a8b800000] [id=19760]
  0x0000019852a16660 ConcurrentGCThread "G1 Main Marker" [stack: 0x0000006a8b800000,0x0000006a8b900000] [id=12232]
  0x0000019852a16f80 ConcurrentGCThread "G1 Conc#0" [stack: 0x0000006a8b900000,0x0000006a8ba00000] [id=11688]

[error occurred during error reporting (printing all threads), id 0xc0000005, EXCEPTION_ACCESS_VIOLATION (0xc0000005) at pc=0x00007ff9963fb047]

VM state: not at safepoint (not fully initialized)

VM Mutex/Monitor currently owned by a thread:  ([mutex/lock_event])
[0x00000198529ac8a0] Heap_lock - owner thread: 0x00000198529b0b90

Heap address: 0x000000008a800000, size: 1880 MB, Compressed Oops mode: 32-bit

CDS archive(s) mapped at: [0x0000000000000000-0x0000000000000000-0x0000000000000000), size 0, SharedBaseAddress: 0x0000000800000000, ArchiveRelocationMode: 1.
Narrow klass base: 0x0000000000000000, Narrow klass shift: 0, Narrow klass range: 0x0

GC Precious Log:
<Empty>

Heap:
 garbage-first heap   total 0K, used 0K [0x000000008a800000, 0x0000000100000000)
  region size 1024K, 0 young (0K), 0 survivors (0K)

[error occurred during error reporting (printing heap information), id 0xc0000005, EXCEPTION_ACCESS_VIOLATION (0xc0000005) at pc=0x00007ff9967e1499]

GC Heap History (0 events):
No events

Deoptimization events (0 events):
No events

Classes unloaded (0 events):
No events

Classes redefined (0 events):
No events

Internal exceptions (0 events):
No events

VM Operations (0 events):
No events

Events (1 events):
Event: 0.017 Loaded shared library C:\Program Files\Java\jdk-17\bin\java.dll


Dynamic libraries:
0x00007ff67d550000 - 0x00007ff67d560000 	C:\Program Files\Java\jdk-17\bin\java.exe
0x00007ff9ff210000 - 0x00007ff9ff424000 	C:\WINDOWS\SYSTEM32\ntdll.dll
0x00007ff9fe010000 - 0x00007ff9fe0d4000 	C:\WINDOWS\System32\KERNEL32.DLL
0x00007ff9fc8f0000 - 0x00007ff9fcc94000 	C:\WINDOWS\System32\KERNELBASE.dll
0x0000000063e60000 - 0x0000000064191000 	C:\Program Files\Norton Security\NortonData\22.22.9.11\Definitions\IPSDefs\20230331.061\IPSEng64.dll
0x00007ff9fe260000 - 0x00007ff9fe310000 	C:\WINDOWS\System32\ADVAPI32.dll
0x00007ff9fe970000 - 0x00007ff9fea17000 	C:\WINDOWS\System32\msvcrt.dll
0x00007ff9fd080000 - 0x00007ff9fd126000 	C:\WINDOWS\System32\sechost.dll
0x00007ff9fde40000 - 0x00007ff9fdf57000 	C:\WINDOWS\System32\RPCRT4.dll
0x00007ff9fe310000 - 0x00007ff9fe318000 	C:\WINDOWS\System32\PSAPI.DLL
0x00007ff9fc5f0000 - 0x00007ff9fc701000 	C:\WINDOWS\System32\ucrtbase.dll
0x00007ff9f6450000 - 0x00007ff9f6469000 	C:\Program Files\Java\jdk-17\bin\jli.dll
0x00007ff9f2670000 - 0x00007ff9f268b000 	C:\Program Files\Java\jdk-17\bin\VCRUNTIME140.dll
0x00007ff9fecd0000 - 0x00007ff9fee7e000 	C:\WINDOWS\System32\USER32.dll
0x00007ff9fc5c0000 - 0x00007ff9fc5e6000 	C:\WINDOWS\System32\win32u.dll
0x00007ff9eb0e0000 - 0x00007ff9eb373000 	C:\WINDOWS\WinSxS\amd64_microsoft.windows.common-controls_6595b64144ccf1df_6.0.22621.2215_none_270d72677387dfc3\COMCTL32.dll
0x00007ff9fe360000 - 0x00007ff9fe389000 	C:\WINDOWS\System32\GDI32.dll
0x00007ff9fcca0000 - 0x00007ff9fcdb8000 	C:\WINDOWS\System32\gdi32full.dll
0x00007ff9fc850000 - 0x00007ff9fc8ea000 	C:\WINDOWS\System32\msvcp_win.dll
0x00007ff9f5dc0000 - 0x00007ff9f5dca000 	C:\WINDOWS\SYSTEM32\VERSION.dll
0x00007ff9fe320000 - 0x00007ff9fe351000 	C:\WINDOWS\System32\IMM32.DLL
0x00007ff9f4f80000 - 0x00007ff9f4f8c000 	C:\Program Files\Java\jdk-17\bin\vcruntime140_1.dll
0x00007ff9de080000 - 0x00007ff9de10e000 	C:\Program Files\Java\jdk-17\bin\msvcp140.dll
0x00007ff996110000 - 0x00007ff996cee000 	C:\Program Files\Java\jdk-17\bin\server\jvm.dll
0x00007ff9daf20000 - 0x00007ff9daf29000 	C:\WINDOWS\SYSTEM32\WSOCK32.dll
0x00007ff9f25b0000 - 0x00007ff9f25e4000 	C:\WINDOWS\SYSTEM32\WINMM.dll
0x00007ff9fe1c0000 - 0x00007ff9fe231000 	C:\WINDOWS\System32\WS2_32.dll
0x00007ff9fb580000 - 0x00007ff9fb598000 	C:\WINDOWS\SYSTEM32\kernel.appcore.dll
0x00007ff9ec2d0000 - 0x00007ff9ec2da000 	C:\Program Files\Java\jdk-17\bin\jimage.dll
0x00007ff9f3240000 - 0x00007ff9f346e000 	C:\WINDOWS\SYSTEM32\DBGHELP.DLL
0x00007ff9fe390000 - 0x00007ff9fe71a000 	C:\WINDOWS\System32\combase.dll
0x00007ff9fcfa0000 - 0x00007ff9fd077000 	C:\WINDOWS\System32\OLEAUT32.dll
0x00007ff9e4cf0000 - 0x00007ff9e4d22000 	C:\WINDOWS\SYSTEM32\dbgcore.DLL
0x00007ff9fc710000 - 0x00007ff9fc78a000 	C:\WINDOWS\System32\bcryptPrimitives.dll
0x00007ff9ec8e0000 - 0x00007ff9ec905000 	C:\Program Files\Java\jdk-17\bin\java.dll

dbghelp: loaded successfully - version: 4.0.5 - missing functions: none
symbol engine: initialized successfully - sym options: 0x614 - pdb path: .;C:\Program Files\Java\jdk-17\bin;C:\WINDOWS\SYSTEM32;C:\Program Files\Norton Security\NortonData\22.22.9.11\Definitions\IPSDefs\20230331.061;C:\WINDOWS\WinSxS\amd64_microsoft.windows.common-controls_6595b64144ccf1df_6.0.22621.2215_none_270d72677387dfc3;C:\Program Files\Java\jdk-17\bin\server

VM Arguments:
jvm_args: -Dfile.encoding=UTF-8 --module-path=D:\MyProjectEcommerce\Travels and turism\build\classes 
java_command: travels.and.turism.Login
java_class_path (initial): C:\Users\sande\Downloads\mysql-connector-java-8.0.28 (1).jar;D:\MyProjectEcommerce\Travels and turism\build\classes
Launcher Type: SUN_STANDARD

[Global flags]
     intx CICompilerCount                          = 4                                         {product} {ergonomic}
     uint ConcGCThreads                            = 3                                         {product} {ergonomic}
     uint G1ConcRefinementThreads                  = 10                                        {product} {ergonomic}
   size_t G1HeapRegionSize                         = 1048576                                   {product} {ergonomic}
    uintx GCDrainStackTargetSize                   = 64                                        {product} {ergonomic}
   size_t InitialHeapSize                          = 123731968                                 {product} {ergonomic}
   size_t MarkStackSize                            = 4194304                                   {product} {ergonomic}
   size_t MaxHeapSize                              = 1971322880                                {product} {ergonomic}
   size_t MinHeapDeltaBytes                        = 1048576                                   {product} {ergonomic}
   size_t MinHeapSize                              = 8388608                                   {product} {ergonomic}
    uintx NonNMethodCodeHeapSize                   = 5839372                                {pd product} {ergonomic}
    uintx NonProfiledCodeHeapSize                  = 122909434                              {pd product} {ergonomic}
    uintx ProfiledCodeHeapSize                     = 122909434                              {pd product} {ergonomic}
    uintx ReservedCodeCacheSize                    = 251658240                              {pd product} {ergonomic}
     bool SegmentedCodeCache                       = true                                      {product} {ergonomic}
   size_t SoftMaxHeapSize                          = 1971322880                             {manageable} {ergonomic}
     bool UseCompressedClassPointers               = true                           {product lp64_product} {ergonomic}
     bool UseCompressedOops                        = true                           {product lp64_product} {ergonomic}
     bool UseG1GC                                  = true                                      {product} {ergonomic}
     bool UseLargePagesIndividualAllocation        = false                                  {pd product} {ergonomic}

Logging:
Log output configuration:
 #0: stdout all=warning uptime,level,tags
 #1: stderr all=off uptime,level,tags

Environment Variables:
CLASSPATH=C:\mysql-connector-j-8.0.33.jar;.;C:\Program Files\Java\jdk-20\bin;C:\Users\sande\Downloads\java-1.8.0-openjdk-1.8.0.382-1.b05.redhat.windows.x86_64\java-1.8.0-openjdk-1.8.0.382-1.b05.redhat.windows.x86_64\bin;
PATH=C:\db_home\WINDOWS.X64_193000_db_home\bin;C:\Oracle_21c\WINDOWS.X64_213000_db_home\bin;D:\apps\WINDOWS.X64_213000_db_home\bin;C:\WINDOWS.X64_213000_db_home\bin;C:\app\sandeep\product\21c\dbhomeXE\bin;C:\ProgramData\Oracle\Java\javapath;C:\Program Files\Common Files\Oracle\Java\javapath;C:\Windows\system32;C:\Windows;C:\Windows\System32\Wbem;C:\Windows\System32\WindowsPowerShell\v1.0\;C:\Windows\System32\OpenSSH\;C:\Program Files (x86)\NVIDIA Corporation\PhysX\Common;C:\Program Files\NVIDIA Corporation\NVIDIA NvDLISR;C:\WINDOWS\system32;C:\WINDOWS;C:\WINDOWS\System32\Wbem;C:\WINDOWS\System32\WindowsPowerShell\v1.0\;C:\WINDOWS\System32\OpenSSH\;D:\installApps\bin;C:\Program Files\Git\cmd;C:\Program Files\MySQL\MySQL Server 5.5\bin;C:\Program Files\nodejs\;C:\Program Files\Java\jdk-21\bin;C:\Program Files\Java\jdk-17\bin;C:\Program Files\MySQL\MySQL Shell 8.0\bin\;C:\Users\sande\AppData\Local\Programs\Python\Python311\Scripts\;C:\Users\sande\AppData\Local\Programs\Python\Python311\;C:\Users\sande\AppData\Local\Microsoft\WindowsApps;;D:\installApps\Microsoft VS Code\bin;C:\Program Files\sf\bin;C:\Users\sande\AppData\Roaming\npm
USERNAME=sandeep
OS=Windows_NT
PROCESSOR_IDENTIFIER=AMD64 Family 23 Model 104 Stepping 1, AuthenticAMD



---------------  S Y S T E M  ---------------

OS:
 Windows 11 , 64 bit Build 22621 (10.0.22621.2215)
OS uptime: 6 days 17:25 hours
Hyper-V role detected

CPU: total 12 (initial active 12) (12 cores per cpu, 2 threads per core) family 23 model 104 stepping 1 microcode 0x0, cx8, cmov, fxsr, ht, mmx, 3dnowpref, sse, sse2, sse3, ssse3, sse4a, sse4.1, sse4.2, popcnt, lzcnt, tsc, tscinvbit, avx, avx2, aes, clmul, bmi1, bmi2, adx, sha, fma, vzeroupper, clflush, clflushopt, hv

Memory: 4k page, system-wide physical 7514M (420M free)
TotalPageFile size 24670M (AvailPageFile size 27M)
current process WorkingSet (physical memory assigned to process): 12M, peak: 12M
current process commit charge ("private bytes"): 64M, peak: 182M

vm_info: Java HotSpot(TM) 64-Bit Server VM (17.0.8+9-LTS-211) for windows-amd64 JRE (17.0.8+9-LTS-211), built on Jun 14 2023 10:34:31 by "mach5one" with MS VC++ 17.1 (VS2022)

END.
