#
# There is insufficient memory for the Java Runtime Environment to continue.
# Native memory allocation (malloc) failed to allocate 32744 bytes for ChunkPool::allocate
# Possible reasons:
#   The system is out of physical RAM or swap space
#   The process is running with CompressedOops enabled, and the Java Heap may be blocking the growth of the native heap
# Possible solutions:
#   Reduce memory load on the system
#   Increase physical memory or swap space
#   Check if swap backing store is full
#   Decrease Java heap size (-Xmx/-Xms)
#   Decrease number of Java threads
#   Decrease Java thread stack sizes (-Xss)
#   Set larger code cache with -XX:ReservedCodeCacheSize=
#   JVM is running with Unscaled Compressed Oops mode in which the Java heap is
#     placed in the first 4GB address space. The Java Heap base address is the
#     maximum limit for the native heap growth. Please use -XX:HeapBaseMinAddress
#     to set the Java Heap base and to place the Java Heap above 4GB virtual address.
# This output file may be truncated or incomplete.
#
#  Out of Memory Error (arena.cpp:78), pid=18712, tid=22644
#
# JRE version: Java(TM) SE Runtime Environment (17.0.8+9) (build 17.0.8+9-LTS-211)
# Java VM: Java HotSpot(TM) 64-Bit Server VM (17.0.8+9-LTS-211, mixed mode, sharing, tiered, compressed oops, compressed class ptrs, g1 gc, windows-amd64)
# No core dump will be written. Minidumps are not enabled by default on client versions of Windows
#

---------------  S U M M A R Y ------------

Command Line: -Dfile.encoding=UTF-8 --module-path=D:\MyProjectEcommerce\Travels and turism\build\classes travels.and.turism.BookPackage

Host: AMD Ryzen 5 5500U with Radeon Graphics         , 12 cores, 7G,  Windows 11 , 64 bit Build 22621 (10.0.22621.2361)
Time: Tue Oct  3 12:32:20 2023 India Standard Time elapsed time: 596.035079 seconds (0d 0h 9m 56s)

---------------  T H R E A D  ---------------

Current thread (0x00000163ff73c7f0):  JavaThread "C2 CompilerThread0" daemon [_thread_in_native, id=22644, stack(0x0000002b35100000,0x0000002b35200000)]


Current CompileTask:
C2: 596035  917       4       java.util.ArrayList::toArray (57 bytes)

Stack: [0x0000002b35100000,0x0000002b35200000]
Native frames: (J=compiled Java code, j=interpreted, Vv=VM code, C=native code)
V  [jvm.dll+0x677d0a]
V  [jvm.dll+0x7d8c54]
V  [jvm.dll+0x7da3fe]
V  [jvm.dll+0x7daa63]
V  [jvm.dll+0x245c5f]
V  [jvm.dll+0xaacc0]
V  [jvm.dll+0xab00c]
V  [jvm.dll+0x11d465]
V  [jvm.dll+0x6a1778]
V  [jvm.dll+0x1bbb37]
V  [jvm.dll+0x218157]
V  [jvm.dll+0x217431]
V  [jvm.dll+0x1a3af0]
V  [jvm.dll+0x2270be]
V  [jvm.dll+0x22535b]
V  [jvm.dll+0x78e7bc]
V  [jvm.dll+0x788bba]
V  [jvm.dll+0x676b35]
C  [ucrtbase.dll+0x29363]
C  [KERNEL32.DLL+0x1257d]
C  [ntdll.dll+0x5aa78]


---------------  P R O C E S S  ---------------

Threads class SMR info:
_java_thread_list=0x00000163c538abd0, length=17, elements={
0x00000163ff71d150, 0x00000163ff71da30, 0x00000163ff731b60, 0x00000163ff732030,
0x00000163ff732650, 0x00000163ff737c90, 0x00000163ff73c7f0, 0x00000163ff750ee0,
0x00000163ff753e20, 0x00000163ff94b9a0, 0x00000163ff9b1860, 0x00000163ffbb39f0,
0x00000163ffbb6d90, 0x00000163ffbcdaa0, 0x00000163c538bf10, 0x00000163c540c980,
0x00000163c540bfe0
}

Java Threads: ( => current thread )
  0x00000163ff71d150 JavaThread "Reference Handler" daemon [_thread_blocked, id=21556, stack(0x0000002b34b00000,0x0000002b34c00000)]
  0x00000163ff71da30 JavaThread "Finalizer" daemon [_thread_blocked, id=19552, stack(0x0000002b34c00000,0x0000002b34d00000)]
  0x00000163ff731b60 JavaThread "Signal Dispatcher" daemon [_thread_blocked, id=19804, stack(0x0000002b34d00000,0x0000002b34e00000)]
  0x00000163ff732030 JavaThread "Attach Listener" daemon [_thread_blocked, id=24296, stack(0x0000002b34e00000,0x0000002b34f00000)]
  0x00000163ff732650 JavaThread "Service Thread" daemon [_thread_blocked, id=20628, stack(0x0000002b34f00000,0x0000002b35000000)]
  0x00000163ff737c90 JavaThread "Monitor Deflation Thread" daemon [_thread_blocked, id=23716, stack(0x0000002b35000000,0x0000002b35100000)]
=>0x00000163ff73c7f0 JavaThread "C2 CompilerThread0" daemon [_thread_in_native, id=22644, stack(0x0000002b35100000,0x0000002b35200000)]
  0x00000163ff750ee0 JavaThread "C1 CompilerThread0" daemon [_thread_blocked, id=5532, stack(0x0000002b35200000,0x0000002b35300000)]
  0x00000163ff753e20 JavaThread "Sweeper thread" daemon [_thread_blocked, id=24500, stack(0x0000002b35300000,0x0000002b35400000)]
  0x00000163ff94b9a0 JavaThread "Common-Cleaner" daemon [_thread_blocked, id=21820, stack(0x0000002b35400000,0x0000002b35500000)]
  0x00000163ff9b1860 JavaThread "Notification Thread" daemon [_thread_blocked, id=19876, stack(0x0000002b35500000,0x0000002b35600000)]
  0x00000163ffbb39f0 JavaThread "Java2D Disposer" daemon [_thread_blocked, id=22460, stack(0x0000002b35700000,0x0000002b35800000)]
  0x00000163ffbb6d90 JavaThread "AWT-Shutdown" [_thread_blocked, id=22772, stack(0x0000002b35800000,0x0000002b35900000)]
  0x00000163ffbcdaa0 JavaThread "AWT-Windows" daemon [_thread_in_native, id=18700, stack(0x0000002b35900000,0x0000002b35a00000)]
  0x00000163c538bf10 JavaThread "AWT-EventQueue-0" [_thread_blocked, id=7980, stack(0x0000002b36400000,0x0000002b36500000)]
  0x00000163c540c980 JavaThread "DestroyJavaVM" [_thread_blocked, id=23888, stack(0x0000002b34400000,0x0000002b34500000)]
  0x00000163c540bfe0 JavaThread "D3D Screen Updater" daemon [_thread_blocked, id=22584, stack(0x0000002b36500000,0x0000002b36600000)]

Other Threads:
  0x00000163ff719600 VMThread "VM Thread" [stack: 0x0000002b34a00000,0x0000002b34b00000] [id=17468]
  0x00000163e17c9570 WatcherThread [stack: 0x0000002b35600000,0x0000002b35700000] [id=10360]
  0x00000163e1795ea0 GCTaskThread "GC Thread#0" [stack: 0x0000002b34500000,0x0000002b34600000] [id=24360]
  0x00000163e17a58e0 ConcurrentGCThread "G1 Main Marker" [stack: 0x0000002b34600000,0x0000002b34700000] [id=23412]
  0x00000163e17a8fd0 ConcurrentGCThread "G1 Conc#0" [stack: 0x0000002b34700000,0x0000002b34800000] [id=24152]
  0x00000163e17eecb0 ConcurrentGCThread "G1 Refine#0" [stack: 0x0000002b34800000,0x0000002b34900000] [id=17480]
  0x00000163ff5d2770 ConcurrentGCThread "G1 Service" [stack: 0x0000002b34900000,0x0000002b34a00000] [id=24364]

Threads with active compile tasks:
C2 CompilerThread0   596144  917       4       java.util.ArrayList::toArray (57 bytes)

VM state: not at safepoint (normal execution)

VM Mutex/Monitor currently owned by a thread: None

Heap address: 0x000000008a800000, size: 1880 MB, Compressed Oops mode: 32-bit

CDS archive(s) mapped at: [0x0000016380000000-0x0000016380bd0000-0x0000016380bd0000), size 12386304, SharedBaseAddress: 0x0000016380000000, ArchiveRelocationMode: 1.
Compressed class space mapped at: 0x0000016381000000-0x00000163c1000000, reserved size: 1073741824
Narrow klass base: 0x0000016380000000, Narrow klass shift: 0, Narrow klass range: 0x100000000

GC Precious Log:
 CPUs: 12 total, 12 available
 Memory: 7514M
 Large Page Support: Disabled
 NUMA Support: Disabled
 Compressed Oops: Enabled (32-bit)
 Heap Region Size: 1M
 Heap Min Capacity: 8M
 Heap Initial Capacity: 118M
 Heap Max Capacity: 1880M
 Pre-touch: Disabled
 Parallel Workers: 10
 Concurrent Workers: 3
 Concurrent Refinement Workers: 10
 Periodic GC: Disabled

Heap:
 garbage-first heap   total 120832K, used 6144K [0x000000008a800000, 0x0000000100000000)
  region size 1024K, 7 young (7168K), 0 survivors (0K)
 Metaspace       used 6442K, committed 6656K, reserved 1114112K
  class space    used 703K, committed 832K, reserved 1048576K

Heap Regions: E=young(eden), S=young(survivor), O=old, HS=humongous(starts), HC=humongous(continues), CS=collection set, F=free, OA=open archive, CA=closed archive, TAMS=top-at-mark-start (previous, next)
|   0|0x000000008a800000, 0x000000008a800000, 0x000000008a900000|  0%| F|  |TAMS 0x000000008a800000, 0x000000008a800000| Untracked 
|   1|0x000000008a900000, 0x000000008a900000, 0x000000008aa00000|  0%| F|  |TAMS 0x000000008a900000, 0x000000008a900000| Untracked 
|   2|0x000000008aa00000, 0x000000008aa00000, 0x000000008ab00000|  0%| F|  |TAMS 0x000000008aa00000, 0x000000008aa00000| Untracked 
|   3|0x000000008ab00000, 0x000000008ab00000, 0x000000008ac00000|  0%| F|  |TAMS 0x000000008ab00000, 0x000000008ab00000| Untracked 
|   4|0x000000008ac00000, 0x000000008ac00000, 0x000000008ad00000|  0%| F|  |TAMS 0x000000008ac00000, 0x000000008ac00000| Untracked 
|   5|0x000000008ad00000, 0x000000008ad00000, 0x000000008ae00000|  0%| F|  |TAMS 0x000000008ad00000, 0x000000008ad00000| Untracked 
|   6|0x000000008ae00000, 0x000000008ae00000, 0x000000008af00000|  0%| F|  |TAMS 0x000000008ae00000, 0x000000008ae00000| Untracked 
|   7|0x000000008af00000, 0x000000008af00000, 0x000000008b000000|  0%| F|  |TAMS 0x000000008af00000, 0x000000008af00000| Untracked 
|   8|0x000000008b000000, 0x000000008b000000, 0x000000008b100000|  0%| F|  |TAMS 0x000000008b000000, 0x000000008b000000| Untracked 
|   9|0x000000008b100000, 0x000000008b100000, 0x000000008b200000|  0%| F|  |TAMS 0x000000008b100000, 0x000000008b100000| Untracked 
|  10|0x000000008b200000, 0x000000008b200000, 0x000000008b300000|  0%| F|  |TAMS 0x000000008b200000, 0x000000008b200000| Untracked 
|  11|0x000000008b300000, 0x000000008b300000, 0x000000008b400000|  0%| F|  |TAMS 0x000000008b300000, 0x000000008b300000| Untracked 
|  12|0x000000008b400000, 0x000000008b400000, 0x000000008b500000|  0%| F|  |TAMS 0x000000008b400000, 0x000000008b400000| Untracked 
|  13|0x000000008b500000, 0x000000008b500000, 0x000000008b600000|  0%| F|  |TAMS 0x000000008b500000, 0x000000008b500000| Untracked 
|  14|0x000000008b600000, 0x000000008b600000, 0x000000008b700000|  0%| F|  |TAMS 0x000000008b600000, 0x000000008b600000| Untracked 
|  15|0x000000008b700000, 0x000000008b700000, 0x000000008b800000|  0%| F|  |TAMS 0x000000008b700000, 0x000000008b700000| Untracked 
|  16|0x000000008b800000, 0x000000008b800000, 0x000000008b900000|  0%| F|  |TAMS 0x000000008b800000, 0x000000008b800000| Untracked 
|  17|0x000000008b900000, 0x000000008b900000, 0x000000008ba00000|  0%| F|  |TAMS 0x000000008b900000, 0x000000008b900000| Untracked 
|  18|0x000000008ba00000, 0x000000008ba00000, 0x000000008bb00000|  0%| F|  |TAMS 0x000000008ba00000, 0x000000008ba00000| Untracked 
|  19|0x000000008bb00000, 0x000000008bb00000, 0x000000008bc00000|  0%| F|  |TAMS 0x000000008bb00000, 0x000000008bb00000| Untracked 
|  20|0x000000008bc00000, 0x000000008bc00000, 0x000000008bd00000|  0%| F|  |TAMS 0x000000008bc00000, 0x000000008bc00000| Untracked 
|  21|0x000000008bd00000, 0x000000008bd00000, 0x000000008be00000|  0%| F|  |TAMS 0x000000008bd00000, 0x000000008bd00000| Untracked 
|  22|0x000000008be00000, 0x000000008be00000, 0x000000008bf00000|  0%| F|  |TAMS 0x000000008be00000, 0x000000008be00000| Untracked 
|  23|0x000000008bf00000, 0x000000008bf00000, 0x000000008c000000|  0%| F|  |TAMS 0x000000008bf00000, 0x000000008bf00000| Untracked 
|  24|0x000000008c000000, 0x000000008c000000, 0x000000008c100000|  0%| F|  |TAMS 0x000000008c000000, 0x000000008c000000| Untracked 
|  25|0x000000008c100000, 0x000000008c100000, 0x000000008c200000|  0%| F|  |TAMS 0x000000008c100000, 0x000000008c100000| Untracked 
|  26|0x000000008c200000, 0x000000008c200000, 0x000000008c300000|  0%| F|  |TAMS 0x000000008c200000, 0x000000008c200000| Untracked 
|  27|0x000000008c300000, 0x000000008c300000, 0x000000008c400000|  0%| F|  |TAMS 0x000000008c300000, 0x000000008c300000| Untracked 
|  28|0x000000008c400000, 0x000000008c400000, 0x000000008c500000|  0%| F|  |TAMS 0x000000008c400000, 0x000000008c400000| Untracked 
|  29|0x000000008c500000, 0x000000008c500000, 0x000000008c600000|  0%| F|  |TAMS 0x000000008c500000, 0x000000008c500000| Untracked 
|  30|0x000000008c600000, 0x000000008c600000, 0x000000008c700000|  0%| F|  |TAMS 0x000000008c600000, 0x000000008c600000| Untracked 
|  31|0x000000008c700000, 0x000000008c700000, 0x000000008c800000|  0%| F|  |TAMS 0x000000008c700000, 0x000000008c700000| Untracked 
|  32|0x000000008c800000, 0x000000008c800000, 0x000000008c900000|  0%| F|  |TAMS 0x000000008c800000, 0x000000008c800000| Untracked 
|  33|0x000000008c900000, 0x000000008c900000, 0x000000008ca00000|  0%| F|  |TAMS 0x000000008c900000, 0x000000008c900000| Untracked 
|  34|0x000000008ca00000, 0x000000008ca00000, 0x000000008cb00000|  0%| F|  |TAMS 0x000000008ca00000, 0x000000008ca00000| Untracked 
|  35|0x000000008cb00000, 0x000000008cb00000, 0x000000008cc00000|  0%| F|  |TAMS 0x000000008cb00000, 0x000000008cb00000| Untracked 
|  36|0x000000008cc00000, 0x000000008cc00000, 0x000000008cd00000|  0%| F|  |TAMS 0x000000008cc00000, 0x000000008cc00000| Untracked 
|  37|0x000000008cd00000, 0x000000008cd00000, 0x000000008ce00000|  0%| F|  |TAMS 0x000000008cd00000, 0x000000008cd00000| Untracked 
|  38|0x000000008ce00000, 0x000000008ce00000, 0x000000008cf00000|  0%| F|  |TAMS 0x000000008ce00000, 0x000000008ce00000| Untracked 
|  39|0x000000008cf00000, 0x000000008cf00000, 0x000000008d000000|  0%| F|  |TAMS 0x000000008cf00000, 0x000000008cf00000| Untracked 
|  40|0x000000008d000000, 0x000000008d000000, 0x000000008d100000|  0%| F|  |TAMS 0x000000008d000000, 0x000000008d000000| Untracked 
|  41|0x000000008d100000, 0x000000008d100000, 0x000000008d200000|  0%| F|  |TAMS 0x000000008d100000, 0x000000008d100000| Untracked 
|  42|0x000000008d200000, 0x000000008d200000, 0x000000008d300000|  0%| F|  |TAMS 0x000000008d200000, 0x000000008d200000| Untracked 
|  43|0x000000008d300000, 0x000000008d300000, 0x000000008d400000|  0%| F|  |TAMS 0x000000008d300000, 0x000000008d300000| Untracked 
|  44|0x000000008d400000, 0x000000008d400000, 0x000000008d500000|  0%| F|  |TAMS 0x000000008d400000, 0x000000008d400000| Untracked 
|  45|0x000000008d500000, 0x000000008d500000, 0x000000008d600000|  0%| F|  |TAMS 0x000000008d500000, 0x000000008d500000| Untracked 
|  46|0x000000008d600000, 0x000000008d600000, 0x000000008d700000|  0%| F|  |TAMS 0x000000008d600000, 0x000000008d600000| Untracked 
|  47|0x000000008d700000, 0x000000008d700000, 0x000000008d800000|  0%| F|  |TAMS 0x000000008d700000, 0x000000008d700000| Untracked 
|  48|0x000000008d800000, 0x000000008d800000, 0x000000008d900000|  0%| F|  |TAMS 0x000000008d800000, 0x000000008d800000| Untracked 
|  49|0x000000008d900000, 0x000000008d900000, 0x000000008da00000|  0%| F|  |TAMS 0x000000008d900000, 0x000000008d900000| Untracked 
|  50|0x000000008da00000, 0x000000008da00000, 0x000000008db00000|  0%| F|  |TAMS 0x000000008da00000, 0x000000008da00000| Untracked 
|  51|0x000000008db00000, 0x000000008db00000, 0x000000008dc00000|  0%| F|  |TAMS 0x000000008db00000, 0x000000008db00000| Untracked 
|  52|0x000000008dc00000, 0x000000008dc00000, 0x000000008dd00000|  0%| F|  |TAMS 0x000000008dc00000, 0x000000008dc00000| Untracked 
|  53|0x000000008dd00000, 0x000000008dd00000, 0x000000008de00000|  0%| F|  |TAMS 0x000000008dd00000, 0x000000008dd00000| Untracked 
|  54|0x000000008de00000, 0x000000008de00000, 0x000000008df00000|  0%| F|  |TAMS 0x000000008de00000, 0x000000008de00000| Untracked 
|  55|0x000000008df00000, 0x000000008df00000, 0x000000008e000000|  0%| F|  |TAMS 0x000000008df00000, 0x000000008df00000| Untracked 
|  56|0x000000008e000000, 0x000000008e000000, 0x000000008e100000|  0%| F|  |TAMS 0x000000008e000000, 0x000000008e000000| Untracked 
|  57|0x000000008e100000, 0x000000008e100000, 0x000000008e200000|  0%| F|  |TAMS 0x000000008e100000, 0x000000008e100000| Untracked 
|  58|0x000000008e200000, 0x000000008e200000, 0x000000008e300000|  0%| F|  |TAMS 0x000000008e200000, 0x000000008e200000| Untracked 
|  59|0x000000008e300000, 0x000000008e300000, 0x000000008e400000|  0%| F|  |TAMS 0x000000008e300000, 0x000000008e300000| Untracked 
|  60|0x000000008e400000, 0x000000008e400000, 0x000000008e500000|  0%| F|  |TAMS 0x000000008e400000, 0x000000008e400000| Untracked 
|  61|0x000000008e500000, 0x000000008e500000, 0x000000008e600000|  0%| F|  |TAMS 0x000000008e500000, 0x000000008e500000| Untracked 
|  62|0x000000008e600000, 0x000000008e600000, 0x000000008e700000|  0%| F|  |TAMS 0x000000008e600000, 0x000000008e600000| Untracked 
|  63|0x000000008e700000, 0x000000008e700000, 0x000000008e800000|  0%| F|  |TAMS 0x000000008e700000, 0x000000008e700000| Untracked 
|  64|0x000000008e800000, 0x000000008e800000, 0x000000008e900000|  0%| F|  |TAMS 0x000000008e800000, 0x000000008e800000| Untracked 
|  65|0x000000008e900000, 0x000000008e900000, 0x000000008ea00000|  0%| F|  |TAMS 0x000000008e900000, 0x000000008e900000| Untracked 
|  66|0x000000008ea00000, 0x000000008ea00000, 0x000000008eb00000|  0%| F|  |TAMS 0x000000008ea00000, 0x000000008ea00000| Untracked 
|  67|0x000000008eb00000, 0x000000008eb00000, 0x000000008ec00000|  0%| F|  |TAMS 0x000000008eb00000, 0x000000008eb00000| Untracked 
|  68|0x000000008ec00000, 0x000000008ec00000, 0x000000008ed00000|  0%| F|  |TAMS 0x000000008ec00000, 0x000000008ec00000| Untracked 
|  69|0x000000008ed00000, 0x000000008ed00000, 0x000000008ee00000|  0%| F|  |TAMS 0x000000008ed00000, 0x000000008ed00000| Untracked 
|  70|0x000000008ee00000, 0x000000008ee00000, 0x000000008ef00000|  0%| F|  |TAMS 0x000000008ee00000, 0x000000008ee00000| Untracked 
|  71|0x000000008ef00000, 0x000000008ef00000, 0x000000008f000000|  0%| F|  |TAMS 0x000000008ef00000, 0x000000008ef00000| Untracked 
|  72|0x000000008f000000, 0x000000008f000000, 0x000000008f100000|  0%| F|  |TAMS 0x000000008f000000, 0x000000008f000000| Untracked 
|  73|0x000000008f100000, 0x000000008f100000, 0x000000008f200000|  0%| F|  |TAMS 0x000000008f100000, 0x000000008f100000| Untracked 
|  74|0x000000008f200000, 0x000000008f200000, 0x000000008f300000|  0%| F|  |TAMS 0x000000008f200000, 0x000000008f200000| Untracked 
|  75|0x000000008f300000, 0x000000008f300000, 0x000000008f400000|  0%| F|  |TAMS 0x000000008f300000, 0x000000008f300000| Untracked 
|  76|0x000000008f400000, 0x000000008f400000, 0x000000008f500000|  0%| F|  |TAMS 0x000000008f400000, 0x000000008f400000| Untracked 
|  77|0x000000008f500000, 0x000000008f500000, 0x000000008f600000|  0%| F|  |TAMS 0x000000008f500000, 0x000000008f500000| Untracked 
|  78|0x000000008f600000, 0x000000008f600000, 0x000000008f700000|  0%| F|  |TAMS 0x000000008f600000, 0x000000008f600000| Untracked 
|  79|0x000000008f700000, 0x000000008f700000, 0x000000008f800000|  0%| F|  |TAMS 0x000000008f700000, 0x000000008f700000| Untracked 
|  80|0x000000008f800000, 0x000000008f800000, 0x000000008f900000|  0%| F|  |TAMS 0x000000008f800000, 0x000000008f800000| Untracked 
|  81|0x000000008f900000, 0x000000008f900000, 0x000000008fa00000|  0%| F|  |TAMS 0x000000008f900000, 0x000000008f900000| Untracked 
|  82|0x000000008fa00000, 0x000000008fa00000, 0x000000008fb00000|  0%| F|  |TAMS 0x000000008fa00000, 0x000000008fa00000| Untracked 
|  83|0x000000008fb00000, 0x000000008fb00000, 0x000000008fc00000|  0%| F|  |TAMS 0x000000008fb00000, 0x000000008fb00000| Untracked 
|  84|0x000000008fc00000, 0x000000008fc00000, 0x000000008fd00000|  0%| F|  |TAMS 0x000000008fc00000, 0x000000008fc00000| Untracked 
|  85|0x000000008fd00000, 0x000000008fd00000, 0x000000008fe00000|  0%| F|  |TAMS 0x000000008fd00000, 0x000000008fd00000| Untracked 
|  86|0x000000008fe00000, 0x000000008fe00000, 0x000000008ff00000|  0%| F|  |TAMS 0x000000008fe00000, 0x000000008fe00000| Untracked 
|  87|0x000000008ff00000, 0x000000008ff00000, 0x0000000090000000|  0%| F|  |TAMS 0x000000008ff00000, 0x000000008ff00000| Untracked 
|  88|0x0000000090000000, 0x0000000090000000, 0x0000000090100000|  0%| F|  |TAMS 0x0000000090000000, 0x0000000090000000| Untracked 
|  89|0x0000000090100000, 0x0000000090100000, 0x0000000090200000|  0%| F|  |TAMS 0x0000000090100000, 0x0000000090100000| Untracked 
|  90|0x0000000090200000, 0x0000000090200000, 0x0000000090300000|  0%| F|  |TAMS 0x0000000090200000, 0x0000000090200000| Untracked 
|  91|0x0000000090300000, 0x0000000090300000, 0x0000000090400000|  0%| F|  |TAMS 0x0000000090300000, 0x0000000090300000| Untracked 
|  92|0x0000000090400000, 0x0000000090400000, 0x0000000090500000|  0%| F|  |TAMS 0x0000000090400000, 0x0000000090400000| Untracked 
|  93|0x0000000090500000, 0x0000000090500000, 0x0000000090600000|  0%| F|  |TAMS 0x0000000090500000, 0x0000000090500000| Untracked 
|  94|0x0000000090600000, 0x0000000090600000, 0x0000000090700000|  0%| F|  |TAMS 0x0000000090600000, 0x0000000090600000| Untracked 
|  95|0x0000000090700000, 0x0000000090700000, 0x0000000090800000|  0%| F|  |TAMS 0x0000000090700000, 0x0000000090700000| Untracked 
|  96|0x0000000090800000, 0x0000000090800000, 0x0000000090900000|  0%| F|  |TAMS 0x0000000090800000, 0x0000000090800000| Untracked 
|  97|0x0000000090900000, 0x0000000090900000, 0x0000000090a00000|  0%| F|  |TAMS 0x0000000090900000, 0x0000000090900000| Untracked 
|  98|0x0000000090a00000, 0x0000000090a00000, 0x0000000090b00000|  0%| F|  |TAMS 0x0000000090a00000, 0x0000000090a00000| Untracked 
|  99|0x0000000090b00000, 0x0000000090b00000, 0x0000000090c00000|  0%| F|  |TAMS 0x0000000090b00000, 0x0000000090b00000| Untracked 
| 100|0x0000000090c00000, 0x0000000090c00000, 0x0000000090d00000|  0%| F|  |TAMS 0x0000000090c00000, 0x0000000090c00000| Untracked 
| 101|0x0000000090d00000, 0x0000000090d00000, 0x0000000090e00000|  0%| F|  |TAMS 0x0000000090d00000, 0x0000000090d00000| Untracked 
| 102|0x0000000090e00000, 0x0000000090e00000, 0x0000000090f00000|  0%| F|  |TAMS 0x0000000090e00000, 0x0000000090e00000| Untracked 
| 103|0x0000000090f00000, 0x0000000090f00000, 0x0000000091000000|  0%| F|  |TAMS 0x0000000090f00000, 0x0000000090f00000| Untracked 
| 104|0x0000000091000000, 0x0000000091000000, 0x0000000091100000|  0%| F|  |TAMS 0x0000000091000000, 0x0000000091000000| Untracked 
| 105|0x0000000091100000, 0x0000000091100000, 0x0000000091200000|  0%| F|  |TAMS 0x0000000091100000, 0x0000000091100000| Untracked 
| 106|0x0000000091200000, 0x0000000091200000, 0x0000000091300000|  0%| F|  |TAMS 0x0000000091200000, 0x0000000091200000| Untracked 
| 107|0x0000000091300000, 0x0000000091300000, 0x0000000091400000|  0%| F|  |TAMS 0x0000000091300000, 0x0000000091300000| Untracked 
| 108|0x0000000091400000, 0x0000000091400000, 0x0000000091500000|  0%| F|  |TAMS 0x0000000091400000, 0x0000000091400000| Untracked 
| 109|0x0000000091500000, 0x0000000091500000, 0x0000000091600000|  0%| F|  |TAMS 0x0000000091500000, 0x0000000091500000| Untracked 
| 110|0x0000000091600000, 0x0000000091600000, 0x0000000091700000|  0%| F|  |TAMS 0x0000000091600000, 0x0000000091600000| Untracked 
| 111|0x0000000091700000, 0x00000000917ec090, 0x0000000091800000| 92%| E|  |TAMS 0x0000000091700000, 0x0000000091700000| Complete 
| 112|0x0000000091800000, 0x0000000091900000, 0x0000000091900000|100%| E|CS|TAMS 0x0000000091800000, 0x0000000091800000| Complete 
| 113|0x0000000091900000, 0x0000000091a00000, 0x0000000091a00000|100%| E|CS|TAMS 0x0000000091900000, 0x0000000091900000| Complete 
| 114|0x0000000091a00000, 0x0000000091b00000, 0x0000000091b00000|100%| E|CS|TAMS 0x0000000091a00000, 0x0000000091a00000| Complete 
| 115|0x0000000091b00000, 0x0000000091c00000, 0x0000000091c00000|100%| E|CS|TAMS 0x0000000091b00000, 0x0000000091b00000| Complete 
| 116|0x0000000091c00000, 0x0000000091d00000, 0x0000000091d00000|100%| E|CS|TAMS 0x0000000091c00000, 0x0000000091c00000| Complete 
| 117|0x0000000091d00000, 0x0000000091e00000, 0x0000000091e00000|100%| E|CS|TAMS 0x0000000091d00000, 0x0000000091d00000| Complete 

Card table byte_map: [0x00000163f88c0000,0x00000163f8c70000] _byte_map_base: 0x00000163f846c000

Marking Bits (Prev, Next): (CMBitMap*) 0x00000163e17964b0, (CMBitMap*) 0x00000163e17964f0
 Prev Bits: [0x00000163f9020000, 0x00000163fad80000)
 Next Bits: [0x00000163fad80000, 0x00000163fcae0000)

Polling page: 0x00000163e0ef0000

Metaspace:

Usage:
  Non-class:      5.60 MB used.
      Class:    703.47 KB used.
       Both:      6.29 MB used.

Virtual space:
  Non-class space:       64.00 MB reserved,       5.69 MB (  9%) committed,  1 nodes.
      Class space:        1.00 GB reserved,     832.00 KB ( <1%) committed,  1 nodes.
             Both:        1.06 GB reserved,       6.50 MB ( <1%) committed. 

Chunk freelists:
   Non-Class:  10.14 MB
       Class:  15.24 MB
        Both:  25.39 MB

MaxMetaspaceSize: unlimited
CompressedClassSpaceSize: 1.00 GB
Initial GC threshold: 21.00 MB
Current GC threshold: 21.00 MB
CDS: on
MetaspaceReclaimPolicy: balanced
 - commit_granule_bytes: 65536.
 - commit_granule_words: 8192.
 - virtual_space_node_default_size: 8388608.
 - enlarge_chunks_in_place: 1.
 - new_chunks_are_fully_committed: 0.
 - uncommit_free_chunks: 1.
 - use_allocation_guard: 0.
 - handle_deallocations: 1.


Internal statistics:

num_allocs_failed_limit: 0.
num_arena_births: 106.
num_arena_deaths: 0.
num_vsnodes_births: 2.
num_vsnodes_deaths: 0.
num_space_committed: 104.
num_space_uncommitted: 0.
num_chunks_returned_to_freelist: 0.
num_chunks_taken_from_freelist: 147.
num_chunk_merges: 0.
num_chunk_splits: 80.
num_chunks_enlarged: 21.
num_purges: 0.
num_inconsistent_stats: 0.

CodeHeap 'non-profiled nmethods': size=120000Kb used=248Kb max_used=248Kb free=119751Kb
 bounds [0x00000163f0a90000, 0x00000163f0d00000, 0x00000163f7fc0000]
CodeHeap 'profiled nmethods': size=120000Kb used=1382Kb max_used=1382Kb free=118617Kb
 bounds [0x00000163e8fc0000, 0x00000163e9230000, 0x00000163f04f0000]
CodeHeap 'non-nmethods': size=5760Kb used=1244Kb max_used=1259Kb free=4515Kb
 bounds [0x00000163f04f0000, 0x00000163f0760000, 0x00000163f0a90000]
 total_blobs=1477 nmethods=915 adapters=475
 compilation: enabled
              stopped_count=0, restarted_count=0
 full_count=0

Compilation events (20 events):
Event: 7.347 Thread 0x00000163ff750ee0 nmethod 906 0x00000163e9116e90 code [0x00000163e91170c0, 0x00000163e9117a18]
Event: 7.347 Thread 0x00000163ff750ee0  907       3       sun.awt.WeakIdentityHashMap::getMap (31 bytes)
Event: 7.348 Thread 0x00000163ff750ee0 nmethod 907 0x00000163e9117d90 code [0x00000163e9117f60, 0x00000163e9118438]
Event: 24.267 Thread 0x00000163ff750ee0  908       3       java.util.ArrayList::toArray (57 bytes)
Event: 24.268 Thread 0x00000163ff750ee0 nmethod 908 0x00000163e9118610 code [0x00000163e91187e0, 0x00000163e9118d58]
Event: 28.307 Thread 0x00000163ff750ee0  910       3       sun.java2d.d3d.D3DSurfaceData$D3DWindowSurfaceData::isDirty (18 bytes)
Event: 28.307 Thread 0x00000163ff750ee0 nmethod 910 0x00000163e9118e90 code [0x00000163e9119040, 0x00000163e9119268]
Event: 28.307 Thread 0x00000163ff750ee0  911       3       sun.java2d.StateTrackableDelegate$1::isCurrent (17 bytes)
Event: 28.307 Thread 0x00000163ff750ee0 nmethod 911 0x00000163e9119310 code [0x00000163e91194a0, 0x00000163e9119618]
Event: 466.949 Thread 0x00000163ff73c7f0  912       4       java.util.Arrays::copyOf (40 bytes)
Event: 466.955 Thread 0x00000163ff73c7f0 nmethod 912 0x00000163f0acc610 code [0x00000163f0acc7a0, 0x00000163f0accbf8]
Event: 480.664 Thread 0x00000163ff750ee0  913       3       java.lang.reflect.Array::newInstance (6 bytes)
Event: 480.664 Thread 0x00000163ff750ee0 nmethod 913 0x00000163e9119710 code [0x00000163e91198a0, 0x00000163e91199a8]
Event: 480.994 Thread 0x00000163ff73c7f0  914       4       java.util.Arrays::copyOf (40 bytes)
Event: 480.999 Thread 0x00000163ff73c7f0 nmethod 914 0x00000163f0acce90 code [0x00000163f0acd020, 0x00000163f0acd4d8]
Event: 581.952 Thread 0x00000163ff73c7f0  915       4       java.util.ArrayList::toArray (57 bytes)
Event: 581.955 Thread 0x00000163ff73c7f0 nmethod 915 0x00000163f0acd710 code [0x00000163f0acd8a0, 0x00000163f0acdbf8]
Event: 585.973 Thread 0x00000163ff73c7f0  916       4       sun.java2d.d3d.D3DSurfaceData$D3DWindowSurfaceData::isDirty (18 bytes)
Event: 585.975 Thread 0x00000163ff73c7f0 nmethod 916 0x00000163f0acdd90 code [0x00000163f0acdf20, 0x00000163f0acdff8]
Event: 596.021 Thread 0x00000163ff73c7f0  917       4       java.util.ArrayList::toArray (57 bytes)

GC Heap History (0 events):
No events

Deoptimization events (12 events):
Event: 0.475 Thread 0x00000163e173f660 Uncommon trap: trap_request=0xffffff45 fr.pc=0x00000163f0a9edc0 relative=0x0000000000000860
Event: 0.475 Thread 0x00000163e173f660 Uncommon trap: reason=unstable_if action=reinterpret pc=0x00000163f0a9edc0 method=java.util.HashMap.putVal(ILjava/lang/Object;Ljava/lang/Object;ZZ)Ljava/lang/Object; @ 81 c2
Event: 0.475 Thread 0x00000163e173f660 DEOPT PACKING pc=0x00000163f0a9edc0 sp=0x0000002b344fe380
Event: 0.475 Thread 0x00000163e173f660 DEOPT UNPACKING pc=0x00000163f05423a3 sp=0x0000002b344fe320 mode 2
Event: 467.056 Thread 0x00000163c540bfe0 Uncommon trap: trap_request=0xffffffcc fr.pc=0x00000163f0acc9e0 relative=0x0000000000000240
Event: 467.056 Thread 0x00000163c540bfe0 Uncommon trap: reason=intrinsic_or_type_checked_inlining action=make_not_entrant pc=0x00000163f0acc9e0 method=java.util.Arrays.copyOf([Ljava/lang/Object;ILjava/lang/Class;)[Ljava/lang/Object; @ 35 c2
Event: 467.056 Thread 0x00000163c540bfe0 DEOPT PACKING pc=0x00000163f0acc9e0 sp=0x0000002b365ff560
Event: 467.056 Thread 0x00000163c540bfe0 DEOPT UNPACKING pc=0x00000163f05423a3 sp=0x0000002b365ff4f0 mode 2
Event: 582.060 Thread 0x00000163c540bfe0 Uncommon trap: trap_request=0xffffffdc fr.pc=0x00000163f0acda2c relative=0x000000000000018c
Event: 582.060 Thread 0x00000163c540bfe0 Uncommon trap: reason=class_check action=make_not_entrant pc=0x00000163f0acda2c method=java.util.ArrayList.toArray([Ljava/lang/Object;)[Ljava/lang/Object; @ 21 c2
Event: 582.060 Thread 0x00000163c540bfe0 DEOPT PACKING pc=0x00000163f0acda2c sp=0x0000002b365ff5c0
Event: 582.060 Thread 0x00000163c540bfe0 DEOPT UNPACKING pc=0x00000163f05423a3 sp=0x0000002b365ff580 mode 2

Classes unloaded (0 events):
No events

Classes redefined (0 events):
No events

Internal exceptions (18 events):
Event: 0.144 Thread 0x00000163e173f660 Exception <a 'sun/nio/fs/WindowsException'{0x0000000091c3ffd8}> (0x0000000091c3ffd8) 
thrown [s\open\src\hotspot\share\prims\jni.cpp, line 516]
Event: 0.144 Thread 0x00000163e173f660 Exception <a 'sun/nio/fs/WindowsException'{0x0000000091c404c0}> (0x0000000091c404c0) 
thrown [s\open\src\hotspot\share\prims\jni.cpp, line 516]
Event: 0.146 Thread 0x00000163e173f660 Exception <a 'sun/nio/fs/WindowsException'{0x0000000091c42600}> (0x0000000091c42600) 
thrown [s\open\src\hotspot\share\prims\jni.cpp, line 516]
Event: 0.146 Thread 0x00000163e173f660 Exception <a 'sun/nio/fs/WindowsException'{0x0000000091c42fe0}> (0x0000000091c42fe0) 
thrown [s\open\src\hotspot\share\prims\jni.cpp, line 516]
Event: 0.146 Thread 0x00000163e173f660 Exception <a 'sun/nio/fs/WindowsException'{0x0000000091c43aa0}> (0x0000000091c43aa0) 
thrown [s\open\src\hotspot\share\prims\jni.cpp, line 516]
Event: 0.147 Thread 0x00000163e173f660 Exception <a 'sun/nio/fs/WindowsException'{0x0000000091c44488}> (0x0000000091c44488) 
thrown [s\open\src\hotspot\share\prims\jni.cpp, line 516]
Event: 0.204 Thread 0x00000163e173f660 Exception <a 'java/lang/ClassNotFoundException'{0x0000000091b102c0}: sun/awt/resources/spi/awtProvider> (0x0000000091b102c0) 
thrown [s\open\src\hotspot\share\classfile\systemDictionary.cpp, line 256]
Event: 0.239 Thread 0x00000163e173f660 Exception <a 'java/io/FileNotFoundException'{0x0000000091b62798}> (0x0000000091b62798) 
thrown [s\open\src\hotspot\share\prims\jni.cpp, line 516]
Event: 0.252 Thread 0x00000163e173f660 Exception <a 'java/io/FileNotFoundException'{0x0000000091b8f8d8}> (0x0000000091b8f8d8) 
thrown [s\open\src\hotspot\share\prims\jni.cpp, line 516]
Event: 0.314 Thread 0x00000163e173f660 Exception <a 'java/lang/NoSuchMethodError'{0x0000000091bd3a98}: 'java.lang.Object java.lang.invoke.DirectMethodHandle$Holder.invokeStaticInit(java.lang.Object)'> (0x0000000091bd3a98) 
thrown [s\open\src\hotspot\share\interpreter\linkResolver.cpp, line 759]
Event: 0.478 Thread 0x00000163e173f660 Exception <a 'java/lang/NoSuchMethodError'{0x0000000091a326c8}: 'void java.lang.invoke.DirectMethodHandle$Holder.invokeSpecial(java.lang.Object, java.lang.Object, java.lang.Object)'> (0x0000000091a326c8) 
thrown [s\open\src\hotspot\share\interpreter\linkResolver.cpp, line 759]
Event: 0.493 Thread 0x00000163e173f660 Exception <a 'java/lang/NoSuchMethodError'{0x0000000091a5c900}: 'java.lang.Object java.lang.invoke.DirectMethodHandle$Holder.newInvokeSpecial(java.lang.Object, java.lang.Object, java.lang.Object, java.lang.Object, java.lang.Object)'> (0x0000000091a5c900) 
thrown [s\open\src\hotspot\share\interpreter\linkResolver.cpp, line 759]
Event: 0.496 Thread 0x00000163e173f660 Exception <a 'java/lang/NoSuchMethodError'{0x0000000091a682c8}: 'java.lang.Object java.lang.invoke.DirectMethodHandle$Holder.invokeStatic(java.lang.Object, int, java.lang.Object, java.lang.Object, java.lang.Object, java.lang.Object)'> (0x0000000091a682c8) 
thrown [s\open\src\hotspot\share\interpreter\linkResolver.cpp, line 759]
Event: 0.504 Thread 0x00000163e173f660 Exception <a 'java/lang/NoSuchMethodError'{0x0000000091a8dda0}: 'java.lang.Object java.lang.invoke.DirectMethodHandle$Holder.invokeStatic(java.lang.Object, int, java.lang.Object)'> (0x0000000091a8dda0) 
thrown [s\open\src\hotspot\share\interpreter\linkResolver.cpp, line 759]
Event: 0.549 Thread 0x00000163e173f660 Exception <a 'java/lang/ClassNotFoundException'{0x0000000091946430}: com/sun/swing/internal/plaf/metal/resources/spi/metalProvider> (0x0000000091946430) 
thrown [s\open\src\hotspot\share\classfile\systemDictionary.cpp, line 256]
Event: 0.550 Thread 0x00000163e173f660 Exception <a 'java/lang/ClassNotFoundException'{0x000000009194a288}: com/sun/swing/internal/plaf/basic/resources/spi/basicProvider> (0x000000009194a288) 
thrown [s\open\src\hotspot\share\classfile\systemDictionary.cpp, line 256]
Event: 0.582 Thread 0x00000163ffbcdaa0 Exception <a 'java/lang/NoSuchMethodError'{0x0000000091bfc2a0}: 'void java.lang.invoke.DirectMethodHandle$Holder.invokeVirtual(java.lang.Object, java.lang.Object)'> (0x0000000091bfc2a0) 
thrown [s\open\src\hotspot\share\interpreter\linkResolver.cpp, line 759]
Event: 0.609 Thread 0x00000163e173f660 Exception <a 'java/lang/NoSuchMethodError'{0x0000000091816878}: 'void java.lang.invoke.DirectMethodHandle$Holder.invokeStaticInit(java.lang.Object)'> (0x0000000091816878) 
thrown [s\open\src\hotspot\share\interpreter\linkResolver.cpp, line 759]

VM Operations (18 events):
Event: 0.148 Executing VM operation: HandshakeAllThreads
Event: 0.148 Executing VM operation: HandshakeAllThreads done
Event: 0.595 Executing VM operation: HandshakeAllThreads
Event: 0.595 Executing VM operation: HandshakeAllThreads done
Event: 0.646 Executing VM operation: HandshakeAllThreads
Event: 0.646 Executing VM operation: HandshakeAllThreads done
Event: 0.924 Executing VM operation: HandshakeAllThreads
Event: 0.924 Executing VM operation: HandshakeAllThreads done
Event: 1.937 Executing VM operation: Cleanup
Event: 1.938 Executing VM operation: Cleanup done
Event: 2.950 Executing VM operation: Cleanup
Event: 2.950 Executing VM operation: Cleanup done
Event: 6.986 Executing VM operation: Cleanup
Event: 6.986 Executing VM operation: Cleanup done
Event: 7.995 Executing VM operation: Cleanup
Event: 7.996 Executing VM operation: Cleanup done
Event: 9.003 Executing VM operation: Cleanup
Event: 9.003 Executing VM operation: Cleanup done

Events (20 events):
Event: 0.938 loading class javax/swing/text/JTextComponent
Event: 0.938 loading class javax/swing/Scrollable
Event: 0.939 loading class javax/swing/Scrollable done
Event: 0.939 loading class javax/swing/text/JTextComponent done
Event: 0.941 loading class java/util/concurrent/locks/AbstractQueuedSynchronizer$ExclusiveNode
Event: 0.941 loading class java/util/concurrent/locks/AbstractQueuedSynchronizer$Node
Event: 0.941 loading class java/util/concurrent/locks/AbstractQueuedSynchronizer$Node done
Event: 0.941 loading class java/util/concurrent/locks/AbstractQueuedSynchronizer$ExclusiveNode done
Event: 0.954 loading class java/awt/KeyboardFocusManager$3
Event: 0.954 loading class java/awt/KeyboardFocusManager$3 done
Event: 0.955 loading class java/awt/Event
Event: 0.955 loading class java/awt/Event done
Event: 0.958 loading class java/util/concurrent/locks/AbstractQueuedSynchronizer$ConditionNode
Event: 0.958 loading class java/util/concurrent/ForkJoinPool$ManagedBlocker
Event: 0.958 loading class java/util/concurrent/ForkJoinPool$ManagedBlocker done
Event: 0.958 loading class java/util/concurrent/locks/AbstractQueuedSynchronizer$ConditionNode done
Event: 8.029 loading class java/awt/KeyboardFocusManager$2
Event: 8.030 loading class java/awt/KeyboardFocusManager$2 done
Event: 8.031 loading class sun/awt/SunToolkit$1
Event: 8.031 loading class sun/awt/SunToolkit$1 done


Dynamic libraries:
0x00007ff7ad900000 - 0x00007ff7ad910000 	C:\Program Files\Java\jdk-17\bin\java.exe
0x00007ff89adb0000 - 0x00007ff89afc7000 	C:\WINDOWS\SYSTEM32\ntdll.dll
0x00007ff899e30000 - 0x00007ff899ef4000 	C:\WINDOWS\System32\KERNEL32.DLL
0x00007ff898130000 - 0x00007ff8984d6000 	C:\WINDOWS\System32\KERNELBASE.dll
0x0000000069dd0000 - 0x000000006a101000 	C:\Program Files\Norton Security\NortonData\22.22.9.11\Definitions\IPSDefs\20230331.061\IPSEng64.dll
0x00007ff89abd0000 - 0x00007ff89ac80000 	C:\WINDOWS\System32\ADVAPI32.dll
0x00007ff89ac80000 - 0x00007ff89ad27000 	C:\WINDOWS\System32\msvcrt.dll
0x00007ff89a150000 - 0x00007ff89a1f6000 	C:\WINDOWS\System32\sechost.dll
0x00007ff899ad0000 - 0x00007ff899be7000 	C:\WINDOWS\System32\RPCRT4.dll
0x00007ff898b10000 - 0x00007ff898b18000 	C:\WINDOWS\System32\PSAPI.DLL
0x00007ff898640000 - 0x00007ff898751000 	C:\WINDOWS\System32\ucrtbase.dll
0x00007ff893a30000 - 0x00007ff893a49000 	C:\Program Files\Java\jdk-17\bin\jli.dll
0x00007ff892cb0000 - 0x00007ff892ccb000 	C:\Program Files\Java\jdk-17\bin\VCRUNTIME140.dll
0x00007ff89a880000 - 0x00007ff89aa2e000 	C:\WINDOWS\System32\USER32.dll
0x00007ff898610000 - 0x00007ff898636000 	C:\WINDOWS\System32\win32u.dll
0x00007ff886670000 - 0x00007ff886903000 	C:\WINDOWS\WinSxS\amd64_microsoft.windows.common-controls_6595b64144ccf1df_6.0.22621.2361_none_2712ced57382f843\COMCTL32.dll
0x00007ff899d00000 - 0x00007ff899d29000 	C:\WINDOWS\System32\GDI32.dll
0x00007ff898880000 - 0x00007ff898998000 	C:\WINDOWS\System32\gdi32full.dll
0x00007ff8987e0000 - 0x00007ff89887a000 	C:\WINDOWS\System32\msvcp_win.dll
0x00007ff892020000 - 0x00007ff89202a000 	C:\WINDOWS\SYSTEM32\VERSION.dll
0x00007ff89a6e0000 - 0x00007ff89a711000 	C:\WINDOWS\System32\IMM32.DLL
0x00007ff8939c0000 - 0x00007ff8939cc000 	C:\Program Files\Java\jdk-17\bin\vcruntime140_1.dll
0x00007ff884c40000 - 0x00007ff884cce000 	C:\Program Files\Java\jdk-17\bin\msvcp140.dll
0x00007ff83e320000 - 0x00007ff83eefe000 	C:\Program Files\Java\jdk-17\bin\server\jvm.dll
0x00007ff871120000 - 0x00007ff871129000 	C:\WINDOWS\SYSTEM32\WSOCK32.dll
0x00007ff89a800000 - 0x00007ff89a871000 	C:\WINDOWS\System32\WS2_32.dll
0x00007ff891050000 - 0x00007ff891084000 	C:\WINDOWS\SYSTEM32\WINMM.dll
0x00007ff8970d0000 - 0x00007ff8970e8000 	C:\WINDOWS\SYSTEM32\kernel.appcore.dll
0x00007ff892ca0000 - 0x00007ff892caa000 	C:\Program Files\Java\jdk-17\bin\jimage.dll
0x00007ff890870000 - 0x00007ff890a9e000 	C:\WINDOWS\SYSTEM32\DBGHELP.DLL
0x00007ff89a200000 - 0x00007ff89a58a000 	C:\WINDOWS\System32\combase.dll
0x00007ff898b20000 - 0x00007ff898bf7000 	C:\WINDOWS\System32\OLEAUT32.dll
0x00007ff881690000 - 0x00007ff8816c2000 	C:\WINDOWS\SYSTEM32\dbgcore.DLL
0x00007ff898760000 - 0x00007ff8987da000 	C:\WINDOWS\System32\bcryptPrimitives.dll
0x00007ff88a600000 - 0x00007ff88a625000 	C:\Program Files\Java\jdk-17\bin\java.dll
0x00007ff884e70000 - 0x00007ff884f47000 	C:\Program Files\Java\jdk-17\bin\jsvml.dll
0x00007ff899160000 - 0x00007ff8999b8000 	C:\WINDOWS\System32\SHELL32.dll
0x00007ff896040000 - 0x00007ff896932000 	C:\WINDOWS\SYSTEM32\windows.storage.dll
0x00007ff895f00000 - 0x00007ff89603e000 	C:\WINDOWS\SYSTEM32\wintypes.dll
0x00007ff899bf0000 - 0x00007ff899ce3000 	C:\WINDOWS\System32\SHCORE.dll
0x00007ff899a70000 - 0x00007ff899ace000 	C:\WINDOWS\System32\shlwapi.dll
0x00007ff898060000 - 0x00007ff898086000 	C:\WINDOWS\SYSTEM32\profapi.dll
0x00007ff88a5e0000 - 0x00007ff88a5f9000 	C:\Program Files\Java\jdk-17\bin\net.dll
0x00007ff890420000 - 0x00007ff890557000 	C:\WINDOWS\SYSTEM32\WINHTTP.dll
0x00007ff8975d0000 - 0x00007ff897639000 	C:\WINDOWS\system32\mswsock.dll
0x00007ff88a5c0000 - 0x00007ff88a5d6000 	C:\Program Files\Java\jdk-17\bin\nio.dll
0x00007ff88a060000 - 0x00007ff88a078000 	C:\Program Files\Java\jdk-17\bin\zip.dll
0x00007ff884cd0000 - 0x00007ff884e61000 	C:\Program Files\Java\jdk-17\bin\awt.dll
0x00007ff895490000 - 0x00007ff895527000 	C:\WINDOWS\SYSTEM32\apphelp.dll
0x00007ff8958c0000 - 0x00007ff8958eb000 	C:\WINDOWS\system32\DWMAPI.DLL
0x00007ff895660000 - 0x00007ff89570b000 	C:\WINDOWS\system32\uxtheme.dll
0x00007ff882f30000 - 0x00007ff883030000 	C:\WINDOWS\system32\opengl32.dll
0x00007ff891a40000 - 0x00007ff891a6d000 	C:\WINDOWS\SYSTEM32\GLU32.dll
0x00007ff895760000 - 0x00007ff895796000 	C:\WINDOWS\SYSTEM32\dxcore.dll
0x00007ff89a590000 - 0x00007ff89a6dc000 	C:\WINDOWS\System32\MSCTF.dll
0x00007ff89aa30000 - 0x00007ff89abcf000 	C:\WINDOWS\System32\ole32.dll
0x00007ff850a40000 - 0x00007ff850be9000 	C:\WINDOWS\system32\d3d9.dll
0x00007ff88e320000 - 0x00007ff88e4fb000 	C:\WINDOWS\System32\DriverStore\FileRepository\u0371182.inf_amd64_e046f8d87ec91fad\B371034\aticfx64.dll
0x00007ff889290000 - 0x00007ff8892c3000 	C:\WINDOWS\System32\DriverStore\FileRepository\u0371182.inf_amd64_e046f8d87ec91fad\B371034\atiu9p64.dll
0x00007ff8428e0000 - 0x00007ff8435ec000 	C:\WINDOWS\System32\DriverStore\FileRepository\u0371182.inf_amd64_e046f8d87ec91fad\B371034\atiumd64.dll
0x0000000068f10000 - 0x0000000069dce000 	C:\WINDOWS\System32\DriverStore\FileRepository\u0371182.inf_amd64_e046f8d87ec91fad\B371034\atiumd6a.dll
0x00007ff8979e0000 - 0x00007ff897a08000 	C:\WINDOWS\SYSTEM32\bcrypt.dll
0x00007ff898000000 - 0x00007ff89804d000 	C:\WINDOWS\SYSTEM32\POWRPROF.dll
0x00007ff897f30000 - 0x00007ff897f43000 	C:\WINDOWS\SYSTEM32\UMPDC.dll
0x00007ff88c1f0000 - 0x00007ff88c21f000 	C:\WINDOWS\SYSTEM32\amdihk64.dll
0x00007ff8922d0000 - 0x00007ff89231a000 	C:\WINDOWS\SYSTEM32\directxdatabasehelper.dll
0x00007ff884bb0000 - 0x00007ff884c36000 	C:\Program Files\Java\jdk-17\bin\freetype.dll
0x00007ff880bd0000 - 0x00007ff880ca3000 	C:\Program Files\Java\jdk-17\bin\fontmanager.dll
0x00007ff8898c0000 - 0x00007ff889a0a000 	C:\WINDOWS\SYSTEM32\textinputframework.dll

dbghelp: loaded successfully - version: 4.0.5 - missing functions: none
symbol engine: initialized successfully - sym options: 0x614 - pdb path: .;C:\Program Files\Java\jdk-17\bin;C:\WINDOWS\SYSTEM32;C:\Program Files\Norton Security\NortonData\22.22.9.11\Definitions\IPSDefs\20230331.061;C:\WINDOWS\WinSxS\amd64_microsoft.windows.common-controls_6595b64144ccf1df_6.0.22621.2361_none_2712ced57382f843;C:\Program Files\Java\jdk-17\bin\server;C:\WINDOWS\System32\DriverStore\FileRepository\u0371182.inf_amd64_e046f8d87ec91fad\B371034

VM Arguments:
jvm_args: -Dfile.encoding=UTF-8 --module-path=D:\MyProjectEcommerce\Travels and turism\build\classes 
java_command: travels.and.turism.BookPackage
java_class_path (initial): C:\Users\sande\Downloads\mysql-connector-java-8.0.28 (1).jar;D:\MyProjectEcommerce\Travels and turism\build\classes
Launcher Type: SUN_STANDARD

[Global flags]
     intx CICompilerCount                          = 4                                         {product} {ergonomic}
     uint ConcGCThreads                            = 3                                         {product} {ergonomic}
     uint G1ConcRefinementThreads                  = 10                                        {product} {ergonomic}
   size_t G1HeapRegionSize                         = 1048576                                   {product} {ergonomic}
    uintx GCDrainStackTargetSize                   = 64                                        {product} {ergonomic}
   size_t InitialHeapSize                          = 123731968                                 {product} {ergonomic}
   size_t MarkStackSize                            = 4194304                                   {product} {ergonomic}
   size_t MaxHeapSize                              = 1971322880                                {product} {ergonomic}
   size_t MaxNewSize                               = 1182793728                                {product} {ergonomic}
   size_t MinHeapDeltaBytes                        = 1048576                                   {product} {ergonomic}
   size_t MinHeapSize                              = 8388608                                   {product} {ergonomic}
    uintx NonNMethodCodeHeapSize                   = 5839372                                {pd product} {ergonomic}
    uintx NonProfiledCodeHeapSize                  = 122909434                              {pd product} {ergonomic}
    uintx ProfiledCodeHeapSize                     = 122909434                              {pd product} {ergonomic}
    uintx ReservedCodeCacheSize                    = 251658240                              {pd product} {ergonomic}
     bool SegmentedCodeCache                       = true                                      {product} {ergonomic}
   size_t SoftMaxHeapSize                          = 1971322880                             {manageable} {ergonomic}
     bool UseCompressedClassPointers               = true                           {product lp64_product} {ergonomic}
     bool UseCompressedOops                        = true                           {product lp64_product} {ergonomic}
     bool UseG1GC                                  = true                                      {product} {ergonomic}
     bool UseLargePagesIndividualAllocation        = false                                  {pd product} {ergonomic}

Logging:
Log output configuration:
 #0: stdout all=warning uptime,level,tags
 #1: stderr all=off uptime,level,tags

Environment Variables:
CLASSPATH=C:\mysql-connector-j-8.0.33.jar;.;C:\Program Files\Java\jdk-20\bin;C:\Users\sande\Downloads\java-1.8.0-openjdk-1.8.0.382-1.b05.redhat.windows.x86_64\java-1.8.0-openjdk-1.8.0.382-1.b05.redhat.windows.x86_64\bin;
PATH=C:\db_home\WINDOWS.X64_193000_db_home\bin;C:\Oracle_21c\WINDOWS.X64_213000_db_home\bin;D:\apps\WINDOWS.X64_213000_db_home\bin;C:\WINDOWS.X64_213000_db_home\bin;C:\app\sandeep\product\21c\dbhomeXE\bin;C:\ProgramData\Oracle\Java\javapath;C:\Program Files\Common Files\Oracle\Java\javapath;C:\Windows\system32;C:\Windows;C:\Windows\System32\Wbem;C:\Windows\System32\WindowsPowerShell\v1.0\;C:\Windows\System32\OpenSSH\;C:\Program Files (x86)\NVIDIA Corporation\PhysX\Common;C:\Program Files\NVIDIA Corporation\NVIDIA NvDLISR;C:\WINDOWS\system32;C:\WINDOWS;C:\WINDOWS\System32\Wbem;C:\WINDOWS\System32\WindowsPowerShell\v1.0\;C:\WINDOWS\System32\OpenSSH\;D:\installApps\bin;C:\Program Files\Git\cmd;C:\Program Files\MySQL\MySQL Server 5.5\bin;C:\Program Files\nodejs\;C:\Program Files\Java\jdk-21\bin;C:\Program Files\Java\jdk-17\bin;C:\Program Files\MySQL\MySQL Shell 8.0\bin\;C:\Users\sande\AppData\Local\Programs\Python\Python311\Scripts\;C:\Users\sande\AppData\Local\Programs\Python\Python311\;C:\Users\sande\AppData\Local\Microsoft\WindowsApps;;D:\installApps\Microsoft VS Code\bin;C:\Program Files\sf\bin;C:\Users\sande\AppData\Roaming\npm
USERNAME=sandeep
OS=Windows_NT
PROCESSOR_IDENTIFIER=AMD64 Family 23 Model 104 Stepping 1, AuthenticAMD



---------------  S Y S T E M  ---------------

OS:
 Windows 11 , 64 bit Build 22621 (10.0.22621.2361)
OS uptime: 1 days 0:47 hours
Hyper-V role detected

CPU: total 12 (initial active 12) (12 cores per cpu, 2 threads per core) family 23 model 104 stepping 1 microcode 0x0, cx8, cmov, fxsr, ht, mmx, 3dnowpref, sse, sse2, sse3, ssse3, sse4a, sse4.1, sse4.2, popcnt, lzcnt, tsc, tscinvbit, avx, avx2, aes, clmul, bmi1, bmi2, adx, sha, fma, vzeroupper, clflush, clflushopt, hv

Memory: 4k page, system-wide physical 7514M (315M free)
TotalPageFile size 24670M (AvailPageFile size 0M)
current process WorkingSet (physical memory assigned to process): 89M, peak: 89M
current process commit charge ("private bytes"): 253M, peak: 254M

vm_info: Java HotSpot(TM) 64-Bit Server VM (17.0.8+9-LTS-211) for windows-amd64 JRE (17.0.8+9-LTS-211), built on Jun 14 2023 10:34:31 by "mach5one" with MS VC++ 17.1 (VS2022)

END.
